

Started GET "/" for 190.234.105.102 at 2015-05-29 03:29:53 +0000
Processing by Rails::WelcomeController#index as HTML
  Rendered /usr/local/rvm/gems/ruby-2.1.5@rails4/gems/railties-4.1.6/lib/rails/templates/rails/welcome/index.html.erb (2.6ms)
Completed 200 OK in 27ms (Views: 12.8ms | ActiveRecord: 0.0ms)


Started GET "/" for 190.234.105.102 at 2015-05-29 03:29:59 +0000
Processing by Rails::WelcomeController#index as HTML
  Rendered /usr/local/rvm/gems/ruby-2.1.5@rails4/gems/railties-4.1.6/lib/rails/templates/rails/welcome/index.html.erb (0.1ms)
Completed 200 OK in 3ms (Views: 2.7ms | ActiveRecord: 0.0ms)
  [1m[36m (27.4ms)[0m  [1mCREATE TABLE `schema_migrations` (`version` varchar(255) NOT NULL) ENGINE=InnoDB[0m
  [1m[35m (63.8ms)[0m  CREATE UNIQUE INDEX `unique_schema_migrations`  ON `schema_migrations` (`version`) 
  [1m[36mActiveRecord::SchemaMigration Load (8.3ms)[0m  [1mSELECT `schema_migrations`.* FROM `schema_migrations`[0m
Migrating to CreateInterests (20150529033741)
  [1m[35m (11.9ms)[0m  CREATE TABLE `interests` (`id` int(11) auto_increment PRIMARY KEY, `name` varchar(255), `created_at` datetime, `updated_at` datetime) ENGINE=InnoDB
  [1m[36m (0.2ms)[0m  [1mBEGIN[0m
  [1m[35mSQL (0.3ms)[0m  INSERT INTO `schema_migrations` (`version`) VALUES ('20150529033741')
  [1m[36m (4.0ms)[0m  [1mCOMMIT[0m
Migrating to CreateTours (20150529034114)
  [1m[35m (9.0ms)[0m  CREATE TABLE `tours` (`id` int(11) auto_increment PRIMARY KEY, `title` varchar(255), `subtitle` varchar(255), `short_description` text, `short_itinerary` text, `itinerary` text, `days` int(11), `nights` int(11), `price` int(11), `place` tinyint(1) DEFAULT 0, `slug` varchar(255), `interest_id` int(11), `created_at` datetime, `updated_at` datetime) ENGINE=InnoDB
  [1m[36m (26.1ms)[0m  [1mCREATE  INDEX `index_tours_on_interest_id`  ON `tours` (`interest_id`) [0m
  [1m[36mActiveRecord::SchemaMigration Load (0.3ms)[0m  [1mSELECT `schema_migrations`.* FROM `schema_migrations`[0m
Migrating to CreateTours (20150529034114)
DEPRECATION WARNING: `#timestamp` was called without specifying an option for `null`. In Rails 5, this behavior will change to `null: false`. You should manually specify `null: true` to prevent the behavior of your existing migrations from changing. (called from block in up at /home/ubuntu/workspace/db/migrate/20150529034114_create_tours.rb:17)
  [1m[36m (9.2ms)[0m  [1mCREATE TABLE `schema_migrations` (`version` varchar(255) NOT NULL) ENGINE=InnoDB[0m
  [1m[35m (19.1ms)[0m  CREATE UNIQUE INDEX `unique_schema_migrations`  ON `schema_migrations` (`version`) 
  [1m[36mActiveRecord::SchemaMigration Load (0.2ms)[0m  [1mSELECT `schema_migrations`.* FROM `schema_migrations`[0m
Migrating to CreateInterests (20150529033741)
DEPRECATION WARNING: `#timestamp` was called without specifying an option for `null`. In Rails 5, this behavior will change to `null: false`. You should manually specify `null: true` to prevent the behavior of your existing migrations from changing. (called from block in up at /home/ubuntu/workspace/db/migrate/20150529033741_create_interests.rb:5)
  [1m[35m (9.2ms)[0m  CREATE TABLE `interests` (`id` int(11) auto_increment PRIMARY KEY, `name` varchar(255), `created_at` datetime, `updated_at` datetime) ENGINE=InnoDB
  [1m[36m (0.1ms)[0m  [1mBEGIN[0m
  [1m[35mSQL (0.3ms)[0m  INSERT INTO `schema_migrations` (`version`) VALUES ('20150529033741')
  [1m[36m (4.2ms)[0m  [1mCOMMIT[0m
Migrating to CreateTours (20150529034114)
DEPRECATION WARNING: `#timestamp` was called without specifying an option for `null`. In Rails 5, this behavior will change to `null: false`. You should manually specify `null: true` to prevent the behavior of your existing migrations from changing. (called from block in up at /home/ubuntu/workspace/db/migrate/20150529034114_create_tours.rb:17)
  [1m[35m (6.7ms)[0m  CREATE TABLE `tours` (`id` int(11) auto_increment PRIMARY KEY, `title` varchar(255), `subtitle` varchar(255), `short_description` text, `short_itinerary` text, `itinerary` text, `days` int(11), `nights` int(11), `price` int(11), `place` tinyint(1) DEFAULT 0, `slug` varchar(255), `interest_id` int(11), `created_at` datetime, `updated_at` datetime,  INDEX `index_tours_on_interest_id`  (`interest_id`) ) ENGINE=InnoDB
  [1m[36m (0.2ms)[0m  [1mBEGIN[0m
  [1m[35mSQL (0.2ms)[0m  INSERT INTO `schema_migrations` (`version`) VALUES ('20150529034114')
  [1m[36m (4.2ms)[0m  [1mCOMMIT[0m
Migrating to CreateReviews (20150529035438)
DEPRECATION WARNING: `#timestamp` was called without specifying an option for `null`. In Rails 5, this behavior will change to `null: false`. You should manually specify `null: true` to prevent the behavior of your existing migrations from changing. (called from block in change at /home/ubuntu/workspace/db/migrate/20150529035438_create_reviews.rb:12)
  [1m[35m (6.8ms)[0m  CREATE TABLE `reviews` (`id` int(11) auto_increment PRIMARY KEY, `description` text, `short_description` text, `home` tinyint(1) DEFAULT 0, `name` varchar(255), `tour_id` int(11), `created_at` datetime, `updated_at` datetime,  INDEX `index_reviews_on_tour_id`  (`tour_id`) ) ENGINE=InnoDB
  [1m[36m (0.1ms)[0m  [1mBEGIN[0m
  [1m[35mSQL (0.2ms)[0m  INSERT INTO `schema_migrations` (`version`) VALUES ('20150529035438')
  [1m[36m (3.4ms)[0m  [1mCOMMIT[0m
Migrating to CreateImages (20150529035625)
DEPRECATION WARNING: `#timestamp` was called without specifying an option for `null`. In Rails 5, this behavior will change to `null: false`. You should manually specify `null: true` to prevent the behavior of your existing migrations from changing. (called from block in change at /home/ubuntu/workspace/db/migrate/20150529035625_create_images.rb:14)
  [1m[35m (8.1ms)[0m  CREATE TABLE `images` (`id` int(11) auto_increment PRIMARY KEY, `description` varchar(255), `image_file_name` varchar(255), `image_content_type` varchar(255), `image_file_size` int(11), `image_updated_at` datetime, `tour_id` int(11), `created_at` datetime, `updated_at` datetime,  INDEX `index_images_on_tour_id`  (`tour_id`) ) ENGINE=InnoDB
  [1m[36m (54.0ms)[0m  [1mALTER TABLE `images` ADD CONSTRAINT `fk_rails_2964835cbb`
FOREIGN KEY (`tour_id`)
  REFERENCES `tours` (`id`)
[0m
  [1m[35m (0.3ms)[0m  BEGIN
  [1m[36mSQL (0.3ms)[0m  [1mINSERT INTO `schema_migrations` (`version`) VALUES ('20150529035625')[0m
  [1m[35m (3.1ms)[0m  COMMIT
Migrating to CreateBanners (20150529035759)
DEPRECATION WARNING: `#timestamp` was called without specifying an option for `null`. In Rails 5, this behavior will change to `null: false`. You should manually specify `null: true` to prevent the behavior of your existing migrations from changing. (called from block in change at /home/ubuntu/workspace/db/migrate/20150529035759_create_banners.rb:9)
  [1m[36m (9.0ms)[0m  [1mCREATE TABLE `banners` (`id` int(11) auto_increment PRIMARY KEY, `title` varchar(255), `subtitle` varchar(255), `tour_id` int(11), `created_at` datetime, `updated_at` datetime,  INDEX `index_banners_on_tour_id`  (`tour_id`) ) ENGINE=InnoDB[0m
  [1m[35m (20.4ms)[0m  ALTER TABLE `banners` ADD CONSTRAINT `fk_rails_8148380837`
FOREIGN KEY (`tour_id`)
  REFERENCES `tours` (`id`)

  [1m[36m (0.2ms)[0m  [1mBEGIN[0m
  [1m[35mSQL (0.2ms)[0m  INSERT INTO `schema_migrations` (`version`) VALUES ('20150529035759')
  [1m[36m (3.0ms)[0m  [1mCOMMIT[0m
Migrating to CreateAccounts (20150529035855)
DEPRECATION WARNING: `#timestamp` was called without specifying an option for `null`. In Rails 5, this behavior will change to `null: false`. You should manually specify `null: true` to prevent the behavior of your existing migrations from changing. (called from block in change at /home/ubuntu/workspace/db/migrate/20150529035855_create_accounts.rb:9)
  [1m[35m (9.6ms)[0m  CREATE TABLE `accounts` (`id` int(11) auto_increment PRIMARY KEY, `name` varchar(255), `email` varchar(255) NOT NULL, `crypt_password` varchar(255) NOT NULL, `salt` varchar(255), `created_at` datetime, `updated_at` datetime) ENGINE=InnoDB
  [1m[36m (16.0ms)[0m  [1mCREATE  INDEX `index_accounts_on_email`  ON `accounts` (`email`) [0m
  [1m[35m (0.2ms)[0m  BEGIN
  [1m[36mSQL (0.3ms)[0m  [1mINSERT INTO `schema_migrations` (`version`) VALUES ('20150529035855')[0m
  [1m[35m (4.3ms)[0m  COMMIT
Migrating to CreateQuotes (20150529035955)
  [1m[36m (8.0ms)[0m  [1mCREATE TABLE `schema_migrations` (`version` varchar(255) NOT NULL) ENGINE=InnoDB[0m
  [1m[35m (17.5ms)[0m  CREATE UNIQUE INDEX `unique_schema_migrations`  ON `schema_migrations` (`version`) 
  [1m[36mActiveRecord::SchemaMigration Load (0.2ms)[0m  [1mSELECT `schema_migrations`.* FROM `schema_migrations`[0m
Migrating to CreateInterests (20150529033741)
DEPRECATION WARNING: `#timestamp` was called without specifying an option for `null`. In Rails 5, this behavior will change to `null: false`. You should manually specify `null: true` to prevent the behavior of your existing migrations from changing. (called from block in up at /home/ubuntu/workspace/db/migrate/20150529033741_create_interests.rb:5)
  [1m[35m (8.8ms)[0m  CREATE TABLE `interests` (`id` int(11) auto_increment PRIMARY KEY, `name` varchar(255), `created_at` datetime, `updated_at` datetime) ENGINE=InnoDB
  [1m[36m (0.1ms)[0m  [1mBEGIN[0m
  [1m[35mSQL (0.2ms)[0m  INSERT INTO `schema_migrations` (`version`) VALUES ('20150529033741')
  [1m[36m (3.2ms)[0m  [1mCOMMIT[0m
Migrating to CreateTours (20150529034114)
DEPRECATION WARNING: `#timestamp` was called without specifying an option for `null`. In Rails 5, this behavior will change to `null: false`. You should manually specify `null: true` to prevent the behavior of your existing migrations from changing. (called from block in up at /home/ubuntu/workspace/db/migrate/20150529034114_create_tours.rb:17)
  [1m[35m (8.7ms)[0m  CREATE TABLE `tours` (`id` int(11) auto_increment PRIMARY KEY, `title` varchar(255), `subtitle` varchar(255), `short_description` text, `short_itinerary` text, `itinerary` text, `days` int(11), `nights` int(11), `price` int(11), `place` tinyint(1) DEFAULT 0, `slug` varchar(255), `interest_id` int(11), `created_at` datetime, `updated_at` datetime,  INDEX `index_tours_on_interest_id`  (`interest_id`) ) ENGINE=InnoDB
  [1m[36m (23.8ms)[0m  [1mALTER TABLE `tours` ADD CONSTRAINT `fk_rails_c1d627ec75`
FOREIGN KEY (`interest_id`)
  REFERENCES `interests` (`id`)
[0m
  [1m[35m (0.2ms)[0m  BEGIN
  [1m[36mSQL (0.2ms)[0m  [1mINSERT INTO `schema_migrations` (`version`) VALUES ('20150529034114')[0m
  [1m[35m (3.2ms)[0m  COMMIT
Migrating to CreateReviews (20150529035438)
DEPRECATION WARNING: `#timestamp` was called without specifying an option for `null`. In Rails 5, this behavior will change to `null: false`. You should manually specify `null: true` to prevent the behavior of your existing migrations from changing. (called from block in change at /home/ubuntu/workspace/db/migrate/20150529035438_create_reviews.rb:12)
  [1m[36m (9.2ms)[0m  [1mCREATE TABLE `reviews` (`id` int(11) auto_increment PRIMARY KEY, `description` text, `short_description` text, `home` tinyint(1) DEFAULT 0, `name` varchar(255), `tour_id` int(11), `created_at` datetime, `updated_at` datetime,  INDEX `index_reviews_on_tour_id`  (`tour_id`) ) ENGINE=InnoDB[0m
  [1m[35m (19.2ms)[0m  ALTER TABLE `reviews` ADD CONSTRAINT `fk_rails_cbf2a12b63`
FOREIGN KEY (`tour_id`)
  REFERENCES `tours` (`id`)

  [1m[36m (0.1ms)[0m  [1mBEGIN[0m
  [1m[35mSQL (0.3ms)[0m  INSERT INTO `schema_migrations` (`version`) VALUES ('20150529035438')
  [1m[36m (5.6ms)[0m  [1mCOMMIT[0m
Migrating to CreateImages (20150529035625)
DEPRECATION WARNING: `#timestamp` was called without specifying an option for `null`. In Rails 5, this behavior will change to `null: false`. You should manually specify `null: true` to prevent the behavior of your existing migrations from changing. (called from block in change at /home/ubuntu/workspace/db/migrate/20150529035625_create_images.rb:14)
  [1m[35m (14.3ms)[0m  CREATE TABLE `images` (`id` int(11) auto_increment PRIMARY KEY, `description` varchar(255), `image_file_name` varchar(255), `image_content_type` varchar(255), `image_file_size` int(11), `image_updated_at` datetime, `tour_id` int(11), `created_at` datetime, `updated_at` datetime,  INDEX `index_images_on_tour_id`  (`tour_id`) ) ENGINE=InnoDB
  [1m[36m (21.1ms)[0m  [1mALTER TABLE `images` ADD CONSTRAINT `fk_rails_2964835cbb`
FOREIGN KEY (`tour_id`)
  REFERENCES `tours` (`id`)
[0m
  [1m[35m (0.2ms)[0m  BEGIN
  [1m[36mSQL (0.3ms)[0m  [1mINSERT INTO `schema_migrations` (`version`) VALUES ('20150529035625')[0m
  [1m[35m (3.2ms)[0m  COMMIT
Migrating to CreateBanners (20150529035759)
DEPRECATION WARNING: `#timestamp` was called without specifying an option for `null`. In Rails 5, this behavior will change to `null: false`. You should manually specify `null: true` to prevent the behavior of your existing migrations from changing. (called from block in change at /home/ubuntu/workspace/db/migrate/20150529035759_create_banners.rb:9)
  [1m[36m (9.6ms)[0m  [1mCREATE TABLE `banners` (`id` int(11) auto_increment PRIMARY KEY, `title` varchar(255), `subtitle` varchar(255), `tour_id` int(11), `created_at` datetime, `updated_at` datetime,  INDEX `index_banners_on_tour_id`  (`tour_id`) ) ENGINE=InnoDB[0m
  [1m[35m (14.0ms)[0m  ALTER TABLE `banners` ADD CONSTRAINT `fk_rails_8148380837`
FOREIGN KEY (`tour_id`)
  REFERENCES `tours` (`id`)

  [1m[36m (0.2ms)[0m  [1mBEGIN[0m
  [1m[35mSQL (0.2ms)[0m  INSERT INTO `schema_migrations` (`version`) VALUES ('20150529035759')
  [1m[36m (3.4ms)[0m  [1mCOMMIT[0m
Migrating to CreateAccounts (20150529035855)
DEPRECATION WARNING: `#timestamp` was called without specifying an option for `null`. In Rails 5, this behavior will change to `null: false`. You should manually specify `null: true` to prevent the behavior of your existing migrations from changing. (called from block in change at /home/ubuntu/workspace/db/migrate/20150529035855_create_accounts.rb:9)
  [1m[35m (6.8ms)[0m  CREATE TABLE `accounts` (`id` int(11) auto_increment PRIMARY KEY, `name` varchar(255), `email` varchar(255) NOT NULL, `crypt_password` varchar(255) NOT NULL, `salt` varchar(255), `created_at` datetime, `updated_at` datetime) ENGINE=InnoDB
  [1m[36m (15.2ms)[0m  [1mCREATE  INDEX `index_accounts_on_email`  ON `accounts` (`email`) [0m
  [1m[35m (0.2ms)[0m  BEGIN
  [1m[36mSQL (0.2ms)[0m  [1mINSERT INTO `schema_migrations` (`version`) VALUES ('20150529035855')[0m
  [1m[35m (5.1ms)[0m  COMMIT
Migrating to CreateQuotes (20150529035955)
DEPRECATION WARNING: `#timestamp` was called without specifying an option for `null`. In Rails 5, this behavior will change to `null: false`. You should manually specify `null: true` to prevent the behavior of your existing migrations from changing. (called from block in change at /home/ubuntu/workspace/db/migrate/20150529035955_create_quotes.rb:18)
  [1m[36m (6.9ms)[0m  [1mCREATE TABLE `quotes` (`id` int(11) auto_increment PRIMARY KEY, `travel_type` varchar(255), `days` int(11), `travel_time` date, `name` varchar(255), `country` varchar(255), `city` varchar(255), `phone` varchar(255), `email` varchar(255), `payment_type` varchar(255), `comments` varchar(255), `adults` int(11), `childs` int(11), `age` int(11), `created_at` datetime, `updated_at` datetime) ENGINE=InnoDB[0m
  [1m[35m (0.1ms)[0m  BEGIN
  [1m[36mSQL (0.3ms)[0m  [1mINSERT INTO `schema_migrations` (`version`) VALUES ('20150529035955')[0m
  [1m[35m (3.1ms)[0m  COMMIT
Migrating to CreatePosts (20150529040422)
DEPRECATION WARNING: `#timestamp` was called without specifying an option for `null`. In Rails 5, this behavior will change to `null: false`. You should manually specify `null: true` to prevent the behavior of your existing migrations from changing. (called from block in change at /home/ubuntu/workspace/db/migrate/20150529040422_create_posts.rb:11)
  [1m[36m (8.3ms)[0m  [1mCREATE TABLE `posts` (`id` int(11) auto_increment PRIMARY KEY, `title` varchar(255), `body` text, `preview` text, `popular` tinyint(1), `slug` varchar(255), `account_id` int(11), `created_at` datetime, `updated_at` datetime,  INDEX `index_posts_on_account_id`  (`account_id`) ) ENGINE=InnoDB[0m
  [1m[35m (20.3ms)[0m  ALTER TABLE `posts` ADD CONSTRAINT `fk_rails_ff02f0408e`
FOREIGN KEY (`account_id`)
  REFERENCES `accounts` (`id`)

  [1m[36m (0.2ms)[0m  [1mBEGIN[0m
  [1m[35mSQL (0.2ms)[0m  INSERT INTO `schema_migrations` (`version`) VALUES ('20150529040422')
  [1m[36m (14.8ms)[0m  [1mCOMMIT[0m
Migrating to CreateMedia (20150529040516)
DEPRECATION WARNING: `#timestamp` was called without specifying an option for `null`. In Rails 5, this behavior will change to `null: false`. You should manually specify `null: true` to prevent the behavior of your existing migrations from changing. (called from block in change at /home/ubuntu/workspace/db/migrate/20150529040516_create_media.rb:6)
  [1m[35m (9.1ms)[0m  CREATE TABLE `media` (`id` int(11) auto_increment PRIMARY KEY, `description` varchar(255), `created_at` datetime, `updated_at` datetime) ENGINE=InnoDB
  [1m[36m (0.1ms)[0m  [1mBEGIN[0m
  [1m[35mSQL (0.2ms)[0m  INSERT INTO `schema_migrations` (`version`) VALUES ('20150529040516')
  [1m[36m (3.0ms)[0m  [1mCOMMIT[0m
  [1m[35mActiveRecord::SchemaMigration Load (0.3ms)[0m  SELECT `schema_migrations`.* FROM `schema_migrations`
  [1m[36m (1.6ms)[0m  [1mSELECT fk.referenced_table_name as 'to_table'
      ,fk.referenced_column_name as 'primary_key'
      ,fk.column_name as 'column'
      ,fk.constraint_name as 'name'
FROM information_schema.key_column_usage fk
WHERE fk.referenced_column_name is not null
  AND fk.table_schema = 'andina'
  AND fk.table_name = 'accounts'
[0m
  [1m[35m (0.2ms)[0m  SHOW CREATE TABLE `accounts`
  [1m[36m (0.4ms)[0m  [1mSELECT fk.referenced_table_name as 'to_table'
      ,fk.referenced_column_name as 'primary_key'
      ,fk.column_name as 'column'
      ,fk.constraint_name as 'name'
FROM information_schema.key_column_usage fk
WHERE fk.referenced_column_name is not null
  AND fk.table_schema = 'andina'
  AND fk.table_name = 'banners'
[0m
  [1m[35m (0.2ms)[0m  SHOW CREATE TABLE `banners`
  [1m[36m (0.4ms)[0m  [1mSELECT fk.referenced_table_name as 'to_table'
      ,fk.referenced_column_name as 'primary_key'
      ,fk.column_name as 'column'
      ,fk.constraint_name as 'name'
FROM information_schema.key_column_usage fk
WHERE fk.referenced_column_name is not null
  AND fk.table_schema = 'andina'
  AND fk.table_name = 'images'
[0m
  [1m[35m (0.2ms)[0m  SHOW CREATE TABLE `images`
  [1m[36m (0.3ms)[0m  [1mSELECT fk.referenced_table_name as 'to_table'
      ,fk.referenced_column_name as 'primary_key'
      ,fk.column_name as 'column'
      ,fk.constraint_name as 'name'
FROM information_schema.key_column_usage fk
WHERE fk.referenced_column_name is not null
  AND fk.table_schema = 'andina'
  AND fk.table_name = 'interests'
[0m
  [1m[35m (0.3ms)[0m  SHOW CREATE TABLE `interests`
  [1m[36m (0.3ms)[0m  [1mSELECT fk.referenced_table_name as 'to_table'
      ,fk.referenced_column_name as 'primary_key'
      ,fk.column_name as 'column'
      ,fk.constraint_name as 'name'
FROM information_schema.key_column_usage fk
WHERE fk.referenced_column_name is not null
  AND fk.table_schema = 'andina'
  AND fk.table_name = 'media'
[0m
  [1m[35m (0.2ms)[0m  SHOW CREATE TABLE `media`
  [1m[36m (0.5ms)[0m  [1mSELECT fk.referenced_table_name as 'to_table'
      ,fk.referenced_column_name as 'primary_key'
      ,fk.column_name as 'column'
      ,fk.constraint_name as 'name'
FROM information_schema.key_column_usage fk
WHERE fk.referenced_column_name is not null
  AND fk.table_schema = 'andina'
  AND fk.table_name = 'posts'
[0m
  [1m[35m (0.2ms)[0m  SHOW CREATE TABLE `posts`
  [1m[36m (0.3ms)[0m  [1mSELECT fk.referenced_table_name as 'to_table'
      ,fk.referenced_column_name as 'primary_key'
      ,fk.column_name as 'column'
      ,fk.constraint_name as 'name'
FROM information_schema.key_column_usage fk
WHERE fk.referenced_column_name is not null
  AND fk.table_schema = 'andina'
  AND fk.table_name = 'quotes'
[0m
  [1m[35m (0.2ms)[0m  SHOW CREATE TABLE `quotes`
  [1m[36m (0.4ms)[0m  [1mSELECT fk.referenced_table_name as 'to_table'
      ,fk.referenced_column_name as 'primary_key'
      ,fk.column_name as 'column'
      ,fk.constraint_name as 'name'
FROM information_schema.key_column_usage fk
WHERE fk.referenced_column_name is not null
  AND fk.table_schema = 'andina'
  AND fk.table_name = 'reviews'
[0m
  [1m[35m (0.2ms)[0m  SHOW CREATE TABLE `reviews`
  [1m[36m (0.3ms)[0m  [1mSELECT fk.referenced_table_name as 'to_table'
      ,fk.referenced_column_name as 'primary_key'
      ,fk.column_name as 'column'
      ,fk.constraint_name as 'name'
FROM information_schema.key_column_usage fk
WHERE fk.referenced_column_name is not null
  AND fk.table_schema = 'andina'
  AND fk.table_name = 'tours'
[0m
  [1m[35m (0.2ms)[0m  SHOW CREATE TABLE `tours`
  [1m[36mActiveRecord::SchemaMigration Load (0.3ms)[0m  [1mSELECT `schema_migrations`.* FROM `schema_migrations`[0m
Migrating to AddAttachmentImageToBanners (20150529050357)
  [1m[35m (20.6ms)[0m  ALTER TABLE `banners` ADD `image_file_name` varchar(255)
  [1m[36m (21.1ms)[0m  [1mALTER TABLE `banners` ADD `image_content_type` varchar(255)[0m
  [1m[35m (26.1ms)[0m  ALTER TABLE `banners` ADD `image_file_size` int(11)
  [1m[36m (37.8ms)[0m  [1mALTER TABLE `banners` ADD `image_updated_at` datetime[0m
  [1m[35m (0.2ms)[0m  BEGIN
  [1m[36mSQL (0.3ms)[0m  [1mINSERT INTO `schema_migrations` (`version`) VALUES ('20150529050357')[0m
  [1m[35m (4.0ms)[0m  COMMIT
Migrating to AddAttachmentImageToImages (20150529050444)
  [1m[36m (0.6ms)[0m  [1mALTER TABLE `images` ADD `image_file_name` varchar(255)[0m
Mysql2::Error: Duplicate column name 'image_file_name': ALTER TABLE `images` ADD `image_file_name` varchar(255)
  [1m[36m (13.8ms)[0m  [1mCREATE TABLE `schema_migrations` (`version` varchar(255) NOT NULL) ENGINE=InnoDB[0m
  [1m[35m (22.8ms)[0m  CREATE UNIQUE INDEX `unique_schema_migrations`  ON `schema_migrations` (`version`) 
  [1m[36mActiveRecord::SchemaMigration Load (0.3ms)[0m  [1mSELECT `schema_migrations`.* FROM `schema_migrations`[0m
Migrating to CreateInterests (20150529033741)
DEPRECATION WARNING: `#timestamp` was called without specifying an option for `null`. In Rails 5, this behavior will change to `null: false`. You should manually specify `null: true` to prevent the behavior of your existing migrations from changing. (called from block in up at /home/ubuntu/workspace/db/migrate/20150529033741_create_interests.rb:5)
  [1m[35m (12.7ms)[0m  CREATE TABLE `interests` (`id` int(11) auto_increment PRIMARY KEY, `name` varchar(255), `created_at` datetime, `updated_at` datetime) ENGINE=InnoDB
  [1m[36m (0.2ms)[0m  [1mBEGIN[0m
  [1m[35mSQL (0.3ms)[0m  INSERT INTO `schema_migrations` (`version`) VALUES ('20150529033741')
  [1m[36m (5.5ms)[0m  [1mCOMMIT[0m
Migrating to CreateTours (20150529034114)
DEPRECATION WARNING: `#timestamp` was called without specifying an option for `null`. In Rails 5, this behavior will change to `null: false`. You should manually specify `null: true` to prevent the behavior of your existing migrations from changing. (called from block in up at /home/ubuntu/workspace/db/migrate/20150529034114_create_tours.rb:17)
  [1m[35m (10.3ms)[0m  CREATE TABLE `tours` (`id` int(11) auto_increment PRIMARY KEY, `title` varchar(255), `subtitle` varchar(255), `short_description` text, `short_itinerary` text, `itinerary` text, `days` int(11), `nights` int(11), `price` int(11), `place` tinyint(1) DEFAULT 0, `slug` varchar(255), `interest_id` int(11), `created_at` datetime, `updated_at` datetime,  INDEX `index_tours_on_interest_id`  (`interest_id`) ) ENGINE=InnoDB
  [1m[36m (29.0ms)[0m  [1mALTER TABLE `tours` ADD CONSTRAINT `fk_rails_c1d627ec75`
FOREIGN KEY (`interest_id`)
  REFERENCES `interests` (`id`)
[0m
  [1m[35m (0.2ms)[0m  BEGIN
  [1m[36mSQL (0.3ms)[0m  [1mINSERT INTO `schema_migrations` (`version`) VALUES ('20150529034114')[0m
  [1m[35m (5.5ms)[0m  COMMIT
Migrating to CreateReviews (20150529035438)
DEPRECATION WARNING: `#timestamp` was called without specifying an option for `null`. In Rails 5, this behavior will change to `null: false`. You should manually specify `null: true` to prevent the behavior of your existing migrations from changing. (called from block in change at /home/ubuntu/workspace/db/migrate/20150529035438_create_reviews.rb:12)
  [1m[36m (9.0ms)[0m  [1mCREATE TABLE `reviews` (`id` int(11) auto_increment PRIMARY KEY, `description` text, `short_description` text, `home` tinyint(1) DEFAULT 0, `name` varchar(255), `tour_id` int(11), `created_at` datetime, `updated_at` datetime,  INDEX `index_reviews_on_tour_id`  (`tour_id`) ) ENGINE=InnoDB[0m
  [1m[35m (23.8ms)[0m  ALTER TABLE `reviews` ADD CONSTRAINT `fk_rails_cbf2a12b63`
FOREIGN KEY (`tour_id`)
  REFERENCES `tours` (`id`)

  [1m[36m (0.2ms)[0m  [1mBEGIN[0m
  [1m[35mSQL (0.3ms)[0m  INSERT INTO `schema_migrations` (`version`) VALUES ('20150529035438')
  [1m[36m (7.5ms)[0m  [1mCOMMIT[0m
Migrating to CreateImages (20150529035625)
DEPRECATION WARNING: `#timestamp` was called without specifying an option for `null`. In Rails 5, this behavior will change to `null: false`. You should manually specify `null: true` to prevent the behavior of your existing migrations from changing. (called from block in change at /home/ubuntu/workspace/db/migrate/20150529035625_create_images.rb:8)
  [1m[35m (14.3ms)[0m  CREATE TABLE `images` (`id` int(11) auto_increment PRIMARY KEY, `description` varchar(255), `tour_id` int(11), `created_at` datetime, `updated_at` datetime,  INDEX `index_images_on_tour_id`  (`tour_id`) ) ENGINE=InnoDB
  [1m[36m (22.6ms)[0m  [1mALTER TABLE `images` ADD CONSTRAINT `fk_rails_2964835cbb`
FOREIGN KEY (`tour_id`)
  REFERENCES `tours` (`id`)
[0m
  [1m[35m (0.2ms)[0m  BEGIN
  [1m[36mSQL (0.3ms)[0m  [1mINSERT INTO `schema_migrations` (`version`) VALUES ('20150529035625')[0m
  [1m[35m (6.6ms)[0m  COMMIT
Migrating to CreateBanners (20150529035759)
DEPRECATION WARNING: `#timestamp` was called without specifying an option for `null`. In Rails 5, this behavior will change to `null: false`. You should manually specify `null: true` to prevent the behavior of your existing migrations from changing. (called from block in change at /home/ubuntu/workspace/db/migrate/20150529035759_create_banners.rb:9)
  [1m[36m (9.7ms)[0m  [1mCREATE TABLE `banners` (`id` int(11) auto_increment PRIMARY KEY, `title` varchar(255), `subtitle` varchar(255), `tour_id` int(11), `created_at` datetime, `updated_at` datetime,  INDEX `index_banners_on_tour_id`  (`tour_id`) ) ENGINE=InnoDB[0m
  [1m[35m (29.9ms)[0m  ALTER TABLE `banners` ADD CONSTRAINT `fk_rails_8148380837`
FOREIGN KEY (`tour_id`)
  REFERENCES `tours` (`id`)

  [1m[36m (0.2ms)[0m  [1mBEGIN[0m
  [1m[35mSQL (0.3ms)[0m  INSERT INTO `schema_migrations` (`version`) VALUES ('20150529035759')
  [1m[36m (4.2ms)[0m  [1mCOMMIT[0m
Migrating to CreateAccounts (20150529035855)
DEPRECATION WARNING: `#timestamp` was called without specifying an option for `null`. In Rails 5, this behavior will change to `null: false`. You should manually specify `null: true` to prevent the behavior of your existing migrations from changing. (called from block in change at /home/ubuntu/workspace/db/migrate/20150529035855_create_accounts.rb:9)
  [1m[35m (10.3ms)[0m  CREATE TABLE `accounts` (`id` int(11) auto_increment PRIMARY KEY, `name` varchar(255), `email` varchar(255) NOT NULL, `crypt_password` varchar(255) NOT NULL, `salt` varchar(255), `created_at` datetime, `updated_at` datetime) ENGINE=InnoDB
  [1m[36m (18.9ms)[0m  [1mCREATE  INDEX `index_accounts_on_email`  ON `accounts` (`email`) [0m
  [1m[35m (0.2ms)[0m  BEGIN
  [1m[36mSQL (22.1ms)[0m  [1mINSERT INTO `schema_migrations` (`version`) VALUES ('20150529035855')[0m
  [1m[35m (5.4ms)[0m  COMMIT
Migrating to CreateQuotes (20150529035955)
DEPRECATION WARNING: `#timestamp` was called without specifying an option for `null`. In Rails 5, this behavior will change to `null: false`. You should manually specify `null: true` to prevent the behavior of your existing migrations from changing. (called from block in change at /home/ubuntu/workspace/db/migrate/20150529035955_create_quotes.rb:18)
  [1m[36m (59.6ms)[0m  [1mCREATE TABLE `quotes` (`id` int(11) auto_increment PRIMARY KEY, `travel_type` varchar(255), `days` int(11), `travel_time` date, `name` varchar(255), `country` varchar(255), `city` varchar(255), `phone` varchar(255), `email` varchar(255), `payment_type` varchar(255), `comments` varchar(255), `adults` int(11), `childs` int(11), `age` int(11), `created_at` datetime, `updated_at` datetime) ENGINE=InnoDB[0m
  [1m[35m (0.2ms)[0m  BEGIN
  [1m[36mSQL (0.3ms)[0m  [1mINSERT INTO `schema_migrations` (`version`) VALUES ('20150529035955')[0m
  [1m[35m (1.9ms)[0m  COMMIT
Migrating to CreatePosts (20150529040422)
DEPRECATION WARNING: `#timestamp` was called without specifying an option for `null`. In Rails 5, this behavior will change to `null: false`. You should manually specify `null: true` to prevent the behavior of your existing migrations from changing. (called from block in change at /home/ubuntu/workspace/db/migrate/20150529040422_create_posts.rb:11)
  [1m[36m (8.0ms)[0m  [1mCREATE TABLE `posts` (`id` int(11) auto_increment PRIMARY KEY, `title` varchar(255), `body` text, `preview` text, `popular` tinyint(1), `slug` varchar(255), `account_id` int(11), `created_at` datetime, `updated_at` datetime,  INDEX `index_posts_on_account_id`  (`account_id`) ) ENGINE=InnoDB[0m
  [1m[35m (19.7ms)[0m  ALTER TABLE `posts` ADD CONSTRAINT `fk_rails_ff02f0408e`
FOREIGN KEY (`account_id`)
  REFERENCES `accounts` (`id`)

  [1m[36m (0.2ms)[0m  [1mBEGIN[0m
  [1m[35mSQL (0.3ms)[0m  INSERT INTO `schema_migrations` (`version`) VALUES ('20150529040422')
  [1m[36m (5.3ms)[0m  [1mCOMMIT[0m
Migrating to CreateMedia (20150529040516)
DEPRECATION WARNING: `#timestamp` was called without specifying an option for `null`. In Rails 5, this behavior will change to `null: false`. You should manually specify `null: true` to prevent the behavior of your existing migrations from changing. (called from block in change at /home/ubuntu/workspace/db/migrate/20150529040516_create_media.rb:6)
  [1m[35m (14.3ms)[0m  CREATE TABLE `media` (`id` int(11) auto_increment PRIMARY KEY, `description` varchar(255), `created_at` datetime, `updated_at` datetime) ENGINE=InnoDB
  [1m[36m (0.2ms)[0m  [1mBEGIN[0m
  [1m[35mSQL (0.4ms)[0m  INSERT INTO `schema_migrations` (`version`) VALUES ('20150529040516')
  [1m[36m (7.4ms)[0m  [1mCOMMIT[0m
Migrating to AddAttachmentImageToBanners (20150529050357)
  [1m[35m (34.4ms)[0m  ALTER TABLE `banners` ADD `image_file_name` varchar(255)
  [1m[36m (28.2ms)[0m  [1mALTER TABLE `banners` ADD `image_content_type` varchar(255)[0m
  [1m[35m (37.6ms)[0m  ALTER TABLE `banners` ADD `image_file_size` int(11)
  [1m[36m (28.5ms)[0m  [1mALTER TABLE `banners` ADD `image_updated_at` datetime[0m
  [1m[35m (0.2ms)[0m  BEGIN
  [1m[36mSQL (0.3ms)[0m  [1mINSERT INTO `schema_migrations` (`version`) VALUES ('20150529050357')[0m
  [1m[35m (5.4ms)[0m  COMMIT
Migrating to AddAttachmentImageToImages (20150529050444)
  [1m[36m (23.7ms)[0m  [1mALTER TABLE `images` ADD `image_file_name` varchar(255)[0m
  [1m[35m (21.7ms)[0m  ALTER TABLE `images` ADD `image_content_type` varchar(255)
  [1m[36m (21.8ms)[0m  [1mALTER TABLE `images` ADD `image_file_size` int(11)[0m
  [1m[35m (22.9ms)[0m  ALTER TABLE `images` ADD `image_updated_at` datetime
  [1m[36m (0.2ms)[0m  [1mBEGIN[0m
  [1m[35mSQL (0.3ms)[0m  INSERT INTO `schema_migrations` (`version`) VALUES ('20150529050444')
  [1m[36m (6.4ms)[0m  [1mCOMMIT[0m
Migrating to AddAttachmentContentToMedia (20150529050506)
  [1m[35m (24.4ms)[0m  ALTER TABLE `media` ADD `content_file_name` varchar(255)
  [1m[36m (23.9ms)[0m  [1mALTER TABLE `media` ADD `content_content_type` varchar(255)[0m
  [1m[35m (39.1ms)[0m  ALTER TABLE `media` ADD `content_file_size` int(11)
  [1m[36m (22.2ms)[0m  [1mALTER TABLE `media` ADD `content_updated_at` datetime[0m
  [1m[35m (0.2ms)[0m  BEGIN
  [1m[36mSQL (0.3ms)[0m  [1mINSERT INTO `schema_migrations` (`version`) VALUES ('20150529050506')[0m
  [1m[35m (5.1ms)[0m  COMMIT
Migrating to AddAttachmentAvatarToReviews (20150529050536)
  [1m[36m (22.9ms)[0m  [1mALTER TABLE `reviews` ADD `avatar_file_name` varchar(255)[0m
  [1m[35m (27.7ms)[0m  ALTER TABLE `reviews` ADD `avatar_content_type` varchar(255)
  [1m[36m (20.3ms)[0m  [1mALTER TABLE `reviews` ADD `avatar_file_size` int(11)[0m
  [1m[35m (25.6ms)[0m  ALTER TABLE `reviews` ADD `avatar_updated_at` datetime
  [1m[36m (0.2ms)[0m  [1mBEGIN[0m
  [1m[35mSQL (0.3ms)[0m  INSERT INTO `schema_migrations` (`version`) VALUES ('20150529050536')
  [1m[36m (3.7ms)[0m  [1mCOMMIT[0m
  [1m[35mActiveRecord::SchemaMigration Load (0.2ms)[0m  SELECT `schema_migrations`.* FROM `schema_migrations`
  [1m[36m (0.3ms)[0m  [1mSELECT fk.referenced_table_name as 'to_table'
      ,fk.referenced_column_name as 'primary_key'
      ,fk.column_name as 'column'
      ,fk.constraint_name as 'name'
FROM information_schema.key_column_usage fk
WHERE fk.referenced_column_name is not null
  AND fk.table_schema = 'andina'
  AND fk.table_name = 'accounts'
[0m
  [1m[35m (0.1ms)[0m  SHOW CREATE TABLE `accounts`
  [1m[36m (0.3ms)[0m  [1mSELECT fk.referenced_table_name as 'to_table'
      ,fk.referenced_column_name as 'primary_key'
      ,fk.column_name as 'column'
      ,fk.constraint_name as 'name'
FROM information_schema.key_column_usage fk
WHERE fk.referenced_column_name is not null
  AND fk.table_schema = 'andina'
  AND fk.table_name = 'banners'
[0m
  [1m[35m (0.2ms)[0m  SHOW CREATE TABLE `banners`
  [1m[36m (0.3ms)[0m  [1mSELECT fk.referenced_table_name as 'to_table'
      ,fk.referenced_column_name as 'primary_key'
      ,fk.column_name as 'column'
      ,fk.constraint_name as 'name'
FROM information_schema.key_column_usage fk
WHERE fk.referenced_column_name is not null
  AND fk.table_schema = 'andina'
  AND fk.table_name = 'images'
[0m
  [1m[35m (0.2ms)[0m  SHOW CREATE TABLE `images`
  [1m[36m (0.3ms)[0m  [1mSELECT fk.referenced_table_name as 'to_table'
      ,fk.referenced_column_name as 'primary_key'
      ,fk.column_name as 'column'
      ,fk.constraint_name as 'name'
FROM information_schema.key_column_usage fk
WHERE fk.referenced_column_name is not null
  AND fk.table_schema = 'andina'
  AND fk.table_name = 'interests'
[0m
  [1m[35m (0.2ms)[0m  SHOW CREATE TABLE `interests`
  [1m[36m (0.3ms)[0m  [1mSELECT fk.referenced_table_name as 'to_table'
      ,fk.referenced_column_name as 'primary_key'
      ,fk.column_name as 'column'
      ,fk.constraint_name as 'name'
FROM information_schema.key_column_usage fk
WHERE fk.referenced_column_name is not null
  AND fk.table_schema = 'andina'
  AND fk.table_name = 'media'
[0m
  [1m[35m (0.2ms)[0m  SHOW CREATE TABLE `media`
  [1m[36m (0.4ms)[0m  [1mSELECT fk.referenced_table_name as 'to_table'
      ,fk.referenced_column_name as 'primary_key'
      ,fk.column_name as 'column'
      ,fk.constraint_name as 'name'
FROM information_schema.key_column_usage fk
WHERE fk.referenced_column_name is not null
  AND fk.table_schema = 'andina'
  AND fk.table_name = 'posts'
[0m
  [1m[35m (0.2ms)[0m  SHOW CREATE TABLE `posts`
  [1m[36m (0.3ms)[0m  [1mSELECT fk.referenced_table_name as 'to_table'
      ,fk.referenced_column_name as 'primary_key'
      ,fk.column_name as 'column'
      ,fk.constraint_name as 'name'
FROM information_schema.key_column_usage fk
WHERE fk.referenced_column_name is not null
  AND fk.table_schema = 'andina'
  AND fk.table_name = 'quotes'
[0m
  [1m[35m (0.2ms)[0m  SHOW CREATE TABLE `quotes`
  [1m[36m (0.4ms)[0m  [1mSELECT fk.referenced_table_name as 'to_table'
      ,fk.referenced_column_name as 'primary_key'
      ,fk.column_name as 'column'
      ,fk.constraint_name as 'name'
FROM information_schema.key_column_usage fk
WHERE fk.referenced_column_name is not null
  AND fk.table_schema = 'andina'
  AND fk.table_name = 'reviews'
[0m
  [1m[35m (0.2ms)[0m  SHOW CREATE TABLE `reviews`
  [1m[36m (0.4ms)[0m  [1mSELECT fk.referenced_table_name as 'to_table'
      ,fk.referenced_column_name as 'primary_key'
      ,fk.column_name as 'column'
      ,fk.constraint_name as 'name'
FROM information_schema.key_column_usage fk
WHERE fk.referenced_column_name is not null
  AND fk.table_schema = 'andina'
  AND fk.table_name = 'tours'
[0m
  [1m[35m (0.2ms)[0m  SHOW CREATE TABLE `tours`
  [1m[36mActiveRecord::SchemaMigration Load (0.3ms)[0m  [1mSELECT `schema_migrations`.* FROM `schema_migrations`[0m
Migrating to CreateFriendlyIdSlugs (20150529051346)
  [1m[35m (9.7ms)[0m  CREATE TABLE `friendly_id_slugs` (`id` int(11) auto_increment PRIMARY KEY, `slug` varchar(255) NOT NULL, `sluggable_id` int(11) NOT NULL, `sluggable_type` varchar(50), `scope` varchar(255), `created_at` datetime) ENGINE=InnoDB
  [1m[36m (14.0ms)[0m  [1mCREATE  INDEX `index_friendly_id_slugs_on_sluggable_id`  ON `friendly_id_slugs` (`sluggable_id`) [0m
  [1m[35m (14.9ms)[0m  CREATE  INDEX `index_friendly_id_slugs_on_slug_and_sluggable_type`  ON `friendly_id_slugs` (`slug`, `sluggable_type`) 
  [1m[36m (17.8ms)[0m  [1mCREATE UNIQUE INDEX `index_friendly_id_slugs_on_slug_and_sluggable_type_and_scope`  ON `friendly_id_slugs` (`slug`, `sluggable_type`, `scope`) [0m
  [1m[35m (14.2ms)[0m  CREATE  INDEX `index_friendly_id_slugs_on_sluggable_type`  ON `friendly_id_slugs` (`sluggable_type`) 
  [1m[36m (0.2ms)[0m  [1mBEGIN[0m
  [1m[35mSQL (0.2ms)[0m  INSERT INTO `schema_migrations` (`version`) VALUES ('20150529051346')
  [1m[36m (4.9ms)[0m  [1mCOMMIT[0m
  [1m[35mActiveRecord::SchemaMigration Load (0.3ms)[0m  SELECT `schema_migrations`.* FROM `schema_migrations`
  [1m[36m (0.3ms)[0m  [1mSELECT fk.referenced_table_name as 'to_table'
      ,fk.referenced_column_name as 'primary_key'
      ,fk.column_name as 'column'
      ,fk.constraint_name as 'name'
FROM information_schema.key_column_usage fk
WHERE fk.referenced_column_name is not null
  AND fk.table_schema = 'andina'
  AND fk.table_name = 'accounts'
[0m
  [1m[35m (0.2ms)[0m  SHOW CREATE TABLE `accounts`
  [1m[36m (0.3ms)[0m  [1mSELECT fk.referenced_table_name as 'to_table'
      ,fk.referenced_column_name as 'primary_key'
      ,fk.column_name as 'column'
      ,fk.constraint_name as 'name'
FROM information_schema.key_column_usage fk
WHERE fk.referenced_column_name is not null
  AND fk.table_schema = 'andina'
  AND fk.table_name = 'banners'
[0m
  [1m[35m (0.2ms)[0m  SHOW CREATE TABLE `banners`
  [1m[36m (0.4ms)[0m  [1mSELECT fk.referenced_table_name as 'to_table'
      ,fk.referenced_column_name as 'primary_key'
      ,fk.column_name as 'column'
      ,fk.constraint_name as 'name'
FROM information_schema.key_column_usage fk
WHERE fk.referenced_column_name is not null
  AND fk.table_schema = 'andina'
  AND fk.table_name = 'friendly_id_slugs'
[0m
  [1m[35m (0.2ms)[0m  SHOW CREATE TABLE `friendly_id_slugs`
  [1m[36m (0.4ms)[0m  [1mSELECT fk.referenced_table_name as 'to_table'
      ,fk.referenced_column_name as 'primary_key'
      ,fk.column_name as 'column'
      ,fk.constraint_name as 'name'
FROM information_schema.key_column_usage fk
WHERE fk.referenced_column_name is not null
  AND fk.table_schema = 'andina'
  AND fk.table_name = 'images'
[0m
  [1m[35m (0.2ms)[0m  SHOW CREATE TABLE `images`
  [1m[36m (0.3ms)[0m  [1mSELECT fk.referenced_table_name as 'to_table'
      ,fk.referenced_column_name as 'primary_key'
      ,fk.column_name as 'column'
      ,fk.constraint_name as 'name'
FROM information_schema.key_column_usage fk
WHERE fk.referenced_column_name is not null
  AND fk.table_schema = 'andina'
  AND fk.table_name = 'interests'
[0m
  [1m[35m (0.2ms)[0m  SHOW CREATE TABLE `interests`
  [1m[36m (0.3ms)[0m  [1mSELECT fk.referenced_table_name as 'to_table'
      ,fk.referenced_column_name as 'primary_key'
      ,fk.column_name as 'column'
      ,fk.constraint_name as 'name'
FROM information_schema.key_column_usage fk
WHERE fk.referenced_column_name is not null
  AND fk.table_schema = 'andina'
  AND fk.table_name = 'media'
[0m
  [1m[35m (0.2ms)[0m  SHOW CREATE TABLE `media`
  [1m[36m (0.5ms)[0m  [1mSELECT fk.referenced_table_name as 'to_table'
      ,fk.referenced_column_name as 'primary_key'
      ,fk.column_name as 'column'
      ,fk.constraint_name as 'name'
FROM information_schema.key_column_usage fk
WHERE fk.referenced_column_name is not null
  AND fk.table_schema = 'andina'
  AND fk.table_name = 'posts'
[0m
  [1m[35m (0.3ms)[0m  SHOW CREATE TABLE `posts`
  [1m[36m (0.3ms)[0m  [1mSELECT fk.referenced_table_name as 'to_table'
      ,fk.referenced_column_name as 'primary_key'
      ,fk.column_name as 'column'
      ,fk.constraint_name as 'name'
FROM information_schema.key_column_usage fk
WHERE fk.referenced_column_name is not null
  AND fk.table_schema = 'andina'
  AND fk.table_name = 'quotes'
[0m
  [1m[35m (0.4ms)[0m  SHOW CREATE TABLE `quotes`
  [1m[36m (0.4ms)[0m  [1mSELECT fk.referenced_table_name as 'to_table'
      ,fk.referenced_column_name as 'primary_key'
      ,fk.column_name as 'column'
      ,fk.constraint_name as 'name'
FROM information_schema.key_column_usage fk
WHERE fk.referenced_column_name is not null
  AND fk.table_schema = 'andina'
  AND fk.table_name = 'reviews'
[0m
  [1m[35m (0.3ms)[0m  SHOW CREATE TABLE `reviews`
  [1m[36m (0.4ms)[0m  [1mSELECT fk.referenced_table_name as 'to_table'
      ,fk.referenced_column_name as 'primary_key'
      ,fk.column_name as 'column'
      ,fk.constraint_name as 'name'
FROM information_schema.key_column_usage fk
WHERE fk.referenced_column_name is not null
  AND fk.table_schema = 'andina'
  AND fk.table_name = 'tours'
[0m
  [1m[35m (0.2ms)[0m  SHOW CREATE TABLE `tours`


Started GET "/" for 190.234.105.102 at 2015-05-29 05:16:51 +0000
  [1m[36mActiveRecord::SchemaMigration Load (0.6ms)[0m  [1mSELECT `schema_migrations`.* FROM `schema_migrations`[0m
Processing by Rails::WelcomeController#index as HTML
  Rendered /usr/local/rvm/gems/ruby-2.1.5@rails4/gems/railties-4.2.1/lib/rails/templates/rails/welcome/index.html.erb (2.9ms)
Completed 200 OK in 27ms (Views: 15.0ms | ActiveRecord: 0.0ms)


Started GET "/" for 190.234.105.102 at 2015-05-29 06:08:06 +0000
  [1m[36mActiveRecord::SchemaMigration Load (0.4ms)[0m  [1mSELECT `schema_migrations`.* FROM `schema_migrations`[0m
Processing by Rails::WelcomeController#index as HTML
  Rendered /usr/local/rvm/gems/ruby-2.1.5@rails4/gems/railties-4.2.1/lib/rails/templates/rails/welcome/index.html.erb (2.5ms)
Completed 200 OK in 24ms (Views: 13.0ms | ActiveRecord: 0.0ms)


Started GET "/login" for 190.234.105.102 at 2015-05-29 06:08:11 +0000

ActionController::RoutingError (No route matches [GET] "/login"):
  actionpack (4.2.1) lib/action_dispatch/middleware/debug_exceptions.rb:21:in `call'
  actionpack (4.2.1) lib/action_dispatch/middleware/show_exceptions.rb:30:in `call'
  railties (4.2.1) lib/rails/rack/logger.rb:38:in `call_app'
  railties (4.2.1) lib/rails/rack/logger.rb:20:in `block in call'
  activesupport (4.2.1) lib/active_support/tagged_logging.rb:68:in `block in tagged'
  activesupport (4.2.1) lib/active_support/tagged_logging.rb:26:in `tagged'
  activesupport (4.2.1) lib/active_support/tagged_logging.rb:68:in `tagged'
  railties (4.2.1) lib/rails/rack/logger.rb:20:in `call'
  actionpack (4.2.1) lib/action_dispatch/middleware/request_id.rb:21:in `call'
  rack (1.6.1) lib/rack/methodoverride.rb:22:in `call'
  rack (1.6.1) lib/rack/runtime.rb:18:in `call'
  activesupport (4.2.1) lib/active_support/cache/strategy/local_cache_middleware.rb:28:in `call'
  rack (1.6.1) lib/rack/lock.rb:17:in `call'
  actionpack (4.2.1) lib/action_dispatch/middleware/static.rb:113:in `call'
  rack (1.6.1) lib/rack/sendfile.rb:113:in `call'
  railties (4.2.1) lib/rails/engine.rb:518:in `call'
  railties (4.2.1) lib/rails/application.rb:164:in `call'
  rack (1.6.1) lib/rack/lock.rb:17:in `call'
  rack (1.6.1) lib/rack/content_length.rb:15:in `call'
  rack (1.6.1) lib/rack/handler/webrick.rb:89:in `service'
  /usr/local/rvm/rubies/ruby-2.1.5/lib/ruby/2.1.0/webrick/httpserver.rb:138:in `service'
  /usr/local/rvm/rubies/ruby-2.1.5/lib/ruby/2.1.0/webrick/httpserver.rb:94:in `run'
  /usr/local/rvm/rubies/ruby-2.1.5/lib/ruby/2.1.0/webrick/server.rb:295:in `block in start_thread'


  Rendered /usr/local/rvm/gems/ruby-2.1.5@rails4/gems/actionpack-4.2.1/lib/action_dispatch/middleware/templates/rescues/_trace.html.erb (1.7ms)
  Rendered /usr/local/rvm/gems/ruby-2.1.5@rails4/gems/actionpack-4.2.1/lib/action_dispatch/middleware/templates/routes/_route.html.erb (1.2ms)
  Rendered /usr/local/rvm/gems/ruby-2.1.5@rails4/gems/actionpack-4.2.1/lib/action_dispatch/middleware/templates/routes/_table.html.erb (14.1ms)
  Rendered /usr/local/rvm/gems/ruby-2.1.5@rails4/gems/actionpack-4.2.1/lib/action_dispatch/middleware/templates/rescues/_request_and_response.html.erb (1.8ms)
  Rendered /usr/local/rvm/gems/ruby-2.1.5@rails4/gems/actionpack-4.2.1/lib/action_dispatch/middleware/templates/rescues/routing_error.html.erb within rescues/layout (81.1ms)


Started GET "/login" for 190.234.105.102 at 2015-05-29 06:09:58 +0000
  [1m[36mActiveRecord::SchemaMigration Load (0.3ms)[0m  [1mSELECT `schema_migrations`.* FROM `schema_migrations`[0m
Processing by AccountsController#login as HTML
  Rendered accounts/login.html.erb within layouts/login (7.1ms)
Completed 500 Internal Server Error in 66ms (ActiveRecord: 0.0ms)

ActionView::Template::Error (couldn't find file 'style'
  (in /home/ubuntu/workspace/app/assets/stylesheets/login.css:4)):
    3:   <head>
    4:     <meta http-equiv="Content-Type" content="text/html; charset=UTF-8">
    5:     <title>Andina Travel Club - Experiencias únicas en cada destino</title>
    6:       <%= stylesheet_link_tag 'login', media: 'all', 'data-turbolinks-track' => true %>
    7:       <%= csrf_meta_tag %>
    8:   </head>
    9:   <body>
  app/views/layouts/login.html.erb:6:in `_app_views_layouts_login_html_erb__1512287751627943012_38265240'
  app/controllers/accounts_controller.rb:104:in `login'


  Rendered /usr/local/rvm/gems/ruby-2.1.5@rails4/gems/actionpack-4.2.1/lib/action_dispatch/middleware/templates/rescues/_source.erb (15.4ms)
  Rendered /usr/local/rvm/gems/ruby-2.1.5@rails4/gems/actionpack-4.2.1/lib/action_dispatch/middleware/templates/rescues/_trace.html.erb (6.1ms)
  Rendered /usr/local/rvm/gems/ruby-2.1.5@rails4/gems/actionpack-4.2.1/lib/action_dispatch/middleware/templates/rescues/_request_and_response.html.erb (1.1ms)
  Rendered /usr/local/rvm/gems/ruby-2.1.5@rails4/gems/actionpack-4.2.1/lib/action_dispatch/middleware/templates/rescues/template_error.html.erb within rescues/layout (96.8ms)


Started GET "/login" for 190.234.105.102 at 2015-05-29 06:10:43 +0000
Processing by AccountsController#login as HTML
  Rendered accounts/login.html.erb within layouts/login (1.4ms)
Completed 500 Internal Server Error in 18ms (ActiveRecord: 0.0ms)

ActionView::Template::Error (couldn't find file 'self'
  (in /home/ubuntu/workspace/app/assets/stylesheets/login.css:5)):
    3:   <head>
    4:     <meta http-equiv="Content-Type" content="text/html; charset=UTF-8">
    5:     <title>Andina Travel Club - Experiencias únicas en cada destino</title>
    6:       <%= stylesheet_link_tag 'login', media: 'all', 'data-turbolinks-track' => true %>
    7:       <%= csrf_meta_tag %>
    8:   </head>
    9:   <body>
  app/views/layouts/login.html.erb:6:in `_app_views_layouts_login_html_erb__1512287751627943012_38265240'
  app/controllers/accounts_controller.rb:104:in `login'


  Rendered /usr/local/rvm/gems/ruby-2.1.5@rails4/gems/actionpack-4.2.1/lib/action_dispatch/middleware/templates/rescues/_source.erb (11.2ms)
  Rendered /usr/local/rvm/gems/ruby-2.1.5@rails4/gems/actionpack-4.2.1/lib/action_dispatch/middleware/templates/rescues/_trace.html.erb (4.1ms)
  Rendered /usr/local/rvm/gems/ruby-2.1.5@rails4/gems/actionpack-4.2.1/lib/action_dispatch/middleware/templates/rescues/_request_and_response.html.erb (1.3ms)
  Rendered /usr/local/rvm/gems/ruby-2.1.5@rails4/gems/actionpack-4.2.1/lib/action_dispatch/middleware/templates/rescues/template_error.html.erb within rescues/layout (57.4ms)


Started GET "/login" for 190.234.105.102 at 2015-05-29 06:10:58 +0000
Processing by AccountsController#login as HTML
  Rendered accounts/login.html.erb within layouts/login (1.2ms)
Completed 500 Internal Server Error in 24ms (ActiveRecord: 0.0ms)

ActionView::Template::Error (Asset filtered out and will not be served: add `Rails.application.config.assets.precompile += %w( login.css )` to `config/initializers/assets.rb` and restart your server):
    3:   <head>
    4:     <meta http-equiv="Content-Type" content="text/html; charset=UTF-8">
    5:     <title>Andina Travel Club - Experiencias únicas en cada destino</title>
    6:       <%= stylesheet_link_tag 'login', media: 'all', 'data-turbolinks-track' => true %>
    7:       <%= csrf_meta_tag %>
    8:   </head>
    9:   <body>
  app/views/layouts/login.html.erb:6:in `_app_views_layouts_login_html_erb__1512287751627943012_38265240'
  app/controllers/accounts_controller.rb:104:in `login'


  Rendered /usr/local/rvm/gems/ruby-2.1.5@rails4/gems/actionpack-4.2.1/lib/action_dispatch/middleware/templates/rescues/_source.erb (7.9ms)
  Rendered /usr/local/rvm/gems/ruby-2.1.5@rails4/gems/actionpack-4.2.1/lib/action_dispatch/middleware/templates/rescues/_trace.html.erb (4.3ms)
  Rendered /usr/local/rvm/gems/ruby-2.1.5@rails4/gems/actionpack-4.2.1/lib/action_dispatch/middleware/templates/rescues/_request_and_response.html.erb (1.1ms)
  Rendered /usr/local/rvm/gems/ruby-2.1.5@rails4/gems/actionpack-4.2.1/lib/action_dispatch/middleware/templates/rescues/template_error.html.erb within rescues/layout (51.8ms)


Started GET "/login" for 190.234.105.102 at 2015-05-29 06:12:44 +0000
  [1m[36mActiveRecord::SchemaMigration Load (0.3ms)[0m  [1mSELECT `schema_migrations`.* FROM `schema_migrations`[0m
Processing by AccountsController#login as HTML
  Rendered accounts/login.html.erb within layouts/login (3.8ms)
Completed 200 OK in 84ms (Views: 72.7ms | ActiveRecord: 0.0ms)


Started GET "/assets/boostrap.min.css?body=1" for 190.234.105.102 at 2015-05-29 06:12:44 +0000


Started GET "/assets/common.css?body=1" for 190.234.105.102 at 2015-05-29 06:12:45 +0000


Started GET "/assets/slider.css?body=1" for 190.234.105.102 at 2015-05-29 06:12:45 +0000


Started GET "/assets/login.css?body=1" for 190.234.105.102 at 2015-05-29 06:12:45 +0000


Started GET "/images/bg.jpg" for 190.234.105.102 at 2015-05-29 06:12:45 +0000

ActionController::RoutingError (No route matches [GET] "/images/bg.jpg"):
  actionpack (4.2.1) lib/action_dispatch/middleware/debug_exceptions.rb:21:in `call'
  actionpack (4.2.1) lib/action_dispatch/middleware/show_exceptions.rb:30:in `call'
  railties (4.2.1) lib/rails/rack/logger.rb:38:in `call_app'
  railties (4.2.1) lib/rails/rack/logger.rb:20:in `block in call'
  activesupport (4.2.1) lib/active_support/tagged_logging.rb:68:in `block in tagged'
  activesupport (4.2.1) lib/active_support/tagged_logging.rb:26:in `tagged'
  activesupport (4.2.1) lib/active_support/tagged_logging.rb:68:in `tagged'
  railties (4.2.1) lib/rails/rack/logger.rb:20:in `call'
  actionpack (4.2.1) lib/action_dispatch/middleware/request_id.rb:21:in `call'
  rack (1.6.1) lib/rack/methodoverride.rb:22:in `call'
  rack (1.6.1) lib/rack/runtime.rb:18:in `call'
  activesupport (4.2.1) lib/active_support/cache/strategy/local_cache_middleware.rb:28:in `call'
  rack (1.6.1) lib/rack/lock.rb:17:in `call'
  actionpack (4.2.1) lib/action_dispatch/middleware/static.rb:113:in `call'
  rack (1.6.1) lib/rack/sendfile.rb:113:in `call'
  railties (4.2.1) lib/rails/engine.rb:518:in `call'
  railties (4.2.1) lib/rails/application.rb:164:in `call'
  rack (1.6.1) lib/rack/lock.rb:17:in `call'
  rack (1.6.1) lib/rack/content_length.rb:15:in `call'
  rack (1.6.1) lib/rack/handler/webrick.rb:89:in `service'
  /usr/local/rvm/rubies/ruby-2.1.5/lib/ruby/2.1.0/webrick/httpserver.rb:138:in `service'
  /usr/local/rvm/rubies/ruby-2.1.5/lib/ruby/2.1.0/webrick/httpserver.rb:94:in `run'
  /usr/local/rvm/rubies/ruby-2.1.5/lib/ruby/2.1.0/webrick/server.rb:295:in `block in start_thread'


  Rendered /usr/local/rvm/gems/ruby-2.1.5@rails4/gems/actionpack-4.2.1/lib/action_dispatch/middleware/templates/rescues/_trace.html.erb (1.7ms)
  Rendered /usr/local/rvm/gems/ruby-2.1.5@rails4/gems/actionpack-4.2.1/lib/action_dispatch/middleware/templates/routes/_route.html.erb (2.3ms)
  Rendered /usr/local/rvm/gems/ruby-2.1.5@rails4/gems/actionpack-4.2.1/lib/action_dispatch/middleware/templates/routes/_table.html.erb (24.6ms)
  Rendered /usr/local/rvm/gems/ruby-2.1.5@rails4/gems/actionpack-4.2.1/lib/action_dispatch/middleware/templates/rescues/_request_and_response.html.erb (2.2ms)
  Rendered /usr/local/rvm/gems/ruby-2.1.5@rails4/gems/actionpack-4.2.1/lib/action_dispatch/middleware/templates/rescues/routing_error.html.erb within rescues/layout (95.3ms)
DEPRECATION WARNING: Currently, Active Record suppresses errors raised within `after_rollback`/`after_commit` callbacks and only print them to the logs. In the next version, these errors will no longer be suppressed. Instead, the errors will propagate normally just like in other Active Record callbacks.

You can opt into the new behavior and remove this warning by setting:

  config.active_record.raise_in_transactional_callbacks = true

 (called from <class:Banner> at /home/ubuntu/workspace/app/models/banner.rb:3)
DEPRECATION WARNING: Currently, Active Record suppresses errors raised within `after_rollback`/`after_commit` callbacks and only print them to the logs. In the next version, these errors will no longer be suppressed. Instead, the errors will propagate normally just like in other Active Record callbacks.

You can opt into the new behavior and remove this warning by setting:

  config.active_record.raise_in_transactional_callbacks = true

 (called from <class:Image> at /home/ubuntu/workspace/app/models/image.rb:3)
DEPRECATION WARNING: Currently, Active Record suppresses errors raised within `after_rollback`/`after_commit` callbacks and only print them to the logs. In the next version, these errors will no longer be suppressed. Instead, the errors will propagate normally just like in other Active Record callbacks.

You can opt into the new behavior and remove this warning by setting:

  config.active_record.raise_in_transactional_callbacks = true

 (called from <class:Media> at /home/ubuntu/workspace/app/models/media.rb:3)
DEPRECATION WARNING: Currently, Active Record suppresses errors raised within `after_rollback`/`after_commit` callbacks and only print them to the logs. In the next version, these errors will no longer be suppressed. Instead, the errors will propagate normally just like in other Active Record callbacks.

You can opt into the new behavior and remove this warning by setting:

  config.active_record.raise_in_transactional_callbacks = true

 (called from <class:Review> at /home/ubuntu/workspace/app/models/review.rb:4)
salt494345200.8371088980964573
salt492300000.4926969231195495
crypt password = bb5830738b618e2e683468d8a5bc7a9ac90ca41f
  [1m[36m (0.2ms)[0m  [1mBEGIN[0m
  [1m[35mSQL (1.5ms)[0m  INSERT INTO `accounts` (`name`, `email`, `salt`, `crypt_password`, `created_at`, `updated_at`) VALUES ('Giancarlo Corzo', 'gian.corzo@gmail.com', '492300000.4926969231195495', 'bb5830738b618e2e683468d8a5bc7a9ac90ca41f', '2015-05-29 06:52:02', '2015-05-29 06:52:02')
  [1m[36m (10.5ms)[0m  [1mCOMMIT[0m


Started GET "/" for 190.234.105.102 at 2015-05-29 06:52:28 +0000
Processing by Rails::WelcomeController#index as HTML
  Rendered /usr/local/rvm/gems/ruby-2.1.5@rails4/gems/railties-4.2.1/lib/rails/templates/rails/welcome/index.html.erb (0.9ms)
Completed 200 OK in 4ms (Views: 2.9ms | ActiveRecord: 0.0ms)


Started GET "/login" for 190.234.105.102 at 2015-05-29 06:52:31 +0000
Processing by AccountsController#login as HTML
  Rendered accounts/login.html.erb within layouts/login (1.0ms)
Completed 200 OK in 61ms (Views: 60.3ms | ActiveRecord: 0.0ms)


Started GET "/assets/boostrap.min.css?body=1" for 190.234.105.102 at 2015-05-29 06:52:32 +0000


Started GET "/assets/common.css?body=1" for 190.234.105.102 at 2015-05-29 06:52:32 +0000


Started GET "/assets/login.css?body=1" for 190.234.105.102 at 2015-05-29 06:52:32 +0000


Started GET "/assets/slider.css?body=1" for 190.234.105.102 at 2015-05-29 06:52:32 +0000


Started GET "/images/bg.jpg" for 190.234.105.102 at 2015-05-29 06:52:32 +0000

ActionController::RoutingError (No route matches [GET] "/images/bg.jpg"):
  actionpack (4.2.1) lib/action_dispatch/middleware/debug_exceptions.rb:21:in `call'
  actionpack (4.2.1) lib/action_dispatch/middleware/show_exceptions.rb:30:in `call'
  railties (4.2.1) lib/rails/rack/logger.rb:38:in `call_app'
  railties (4.2.1) lib/rails/rack/logger.rb:20:in `block in call'
  activesupport (4.2.1) lib/active_support/tagged_logging.rb:68:in `block in tagged'
  activesupport (4.2.1) lib/active_support/tagged_logging.rb:26:in `tagged'
  activesupport (4.2.1) lib/active_support/tagged_logging.rb:68:in `tagged'
  railties (4.2.1) lib/rails/rack/logger.rb:20:in `call'
  actionpack (4.2.1) lib/action_dispatch/middleware/request_id.rb:21:in `call'
  rack (1.6.1) lib/rack/methodoverride.rb:22:in `call'
  rack (1.6.1) lib/rack/runtime.rb:18:in `call'
  activesupport (4.2.1) lib/active_support/cache/strategy/local_cache_middleware.rb:28:in `call'
  rack (1.6.1) lib/rack/lock.rb:17:in `call'
  actionpack (4.2.1) lib/action_dispatch/middleware/static.rb:113:in `call'
  rack (1.6.1) lib/rack/sendfile.rb:113:in `call'
  railties (4.2.1) lib/rails/engine.rb:518:in `call'
  railties (4.2.1) lib/rails/application.rb:164:in `call'
  rack (1.6.1) lib/rack/lock.rb:17:in `call'
  rack (1.6.1) lib/rack/content_length.rb:15:in `call'
  rack (1.6.1) lib/rack/handler/webrick.rb:89:in `service'
  /usr/local/rvm/rubies/ruby-2.1.5/lib/ruby/2.1.0/webrick/httpserver.rb:138:in `service'
  /usr/local/rvm/rubies/ruby-2.1.5/lib/ruby/2.1.0/webrick/httpserver.rb:94:in `run'
  /usr/local/rvm/rubies/ruby-2.1.5/lib/ruby/2.1.0/webrick/server.rb:295:in `block in start_thread'


  Rendered /usr/local/rvm/gems/ruby-2.1.5@rails4/gems/actionpack-4.2.1/lib/action_dispatch/middleware/templates/rescues/_trace.html.erb (1.5ms)
  Rendered /usr/local/rvm/gems/ruby-2.1.5@rails4/gems/actionpack-4.2.1/lib/action_dispatch/middleware/templates/routes/_route.html.erb (1.1ms)
  Rendered /usr/local/rvm/gems/ruby-2.1.5@rails4/gems/actionpack-4.2.1/lib/action_dispatch/middleware/templates/routes/_table.html.erb (1.4ms)
  Rendered /usr/local/rvm/gems/ruby-2.1.5@rails4/gems/actionpack-4.2.1/lib/action_dispatch/middleware/templates/rescues/_request_and_response.html.erb (2.3ms)
  Rendered /usr/local/rvm/gems/ruby-2.1.5@rails4/gems/actionpack-4.2.1/lib/action_dispatch/middleware/templates/rescues/routing_error.html.erb within rescues/layout (61.5ms)


Started POST "/login" for 190.234.105.102 at 2015-05-29 06:52:45 +0000

ActionController::RoutingError (No route matches [POST] "/login"):
  actionpack (4.2.1) lib/action_dispatch/middleware/debug_exceptions.rb:21:in `call'
  actionpack (4.2.1) lib/action_dispatch/middleware/show_exceptions.rb:30:in `call'
  railties (4.2.1) lib/rails/rack/logger.rb:38:in `call_app'
  railties (4.2.1) lib/rails/rack/logger.rb:20:in `block in call'
  activesupport (4.2.1) lib/active_support/tagged_logging.rb:68:in `block in tagged'
  activesupport (4.2.1) lib/active_support/tagged_logging.rb:26:in `tagged'
  activesupport (4.2.1) lib/active_support/tagged_logging.rb:68:in `tagged'
  railties (4.2.1) lib/rails/rack/logger.rb:20:in `call'
  actionpack (4.2.1) lib/action_dispatch/middleware/request_id.rb:21:in `call'
  rack (1.6.1) lib/rack/methodoverride.rb:22:in `call'
  rack (1.6.1) lib/rack/runtime.rb:18:in `call'
  activesupport (4.2.1) lib/active_support/cache/strategy/local_cache_middleware.rb:28:in `call'
  rack (1.6.1) lib/rack/lock.rb:17:in `call'
  actionpack (4.2.1) lib/action_dispatch/middleware/static.rb:113:in `call'
  rack (1.6.1) lib/rack/sendfile.rb:113:in `call'
  railties (4.2.1) lib/rails/engine.rb:518:in `call'
  railties (4.2.1) lib/rails/application.rb:164:in `call'
  rack (1.6.1) lib/rack/lock.rb:17:in `call'
  rack (1.6.1) lib/rack/content_length.rb:15:in `call'
  rack (1.6.1) lib/rack/handler/webrick.rb:89:in `service'
  /usr/local/rvm/rubies/ruby-2.1.5/lib/ruby/2.1.0/webrick/httpserver.rb:138:in `service'
  /usr/local/rvm/rubies/ruby-2.1.5/lib/ruby/2.1.0/webrick/httpserver.rb:94:in `run'
  /usr/local/rvm/rubies/ruby-2.1.5/lib/ruby/2.1.0/webrick/server.rb:295:in `block in start_thread'


  Rendered /usr/local/rvm/gems/ruby-2.1.5@rails4/gems/actionpack-4.2.1/lib/action_dispatch/middleware/templates/rescues/_trace.html.erb (1.6ms)
  Rendered /usr/local/rvm/gems/ruby-2.1.5@rails4/gems/actionpack-4.2.1/lib/action_dispatch/middleware/templates/routes/_route.html.erb (1.4ms)
  Rendered /usr/local/rvm/gems/ruby-2.1.5@rails4/gems/actionpack-4.2.1/lib/action_dispatch/middleware/templates/routes/_table.html.erb (1.2ms)
  Rendered /usr/local/rvm/gems/ruby-2.1.5@rails4/gems/actionpack-4.2.1/lib/action_dispatch/middleware/templates/rescues/_request_and_response.html.erb (1.7ms)
  Rendered /usr/local/rvm/gems/ruby-2.1.5@rails4/gems/actionpack-4.2.1/lib/action_dispatch/middleware/templates/rescues/routing_error.html.erb within rescues/layout (54.3ms)


Started GET "/login" for 190.234.105.102 at 2015-05-29 06:55:20 +0000
  [1m[36mActiveRecord::SchemaMigration Load (0.4ms)[0m  [1mSELECT `schema_migrations`.* FROM `schema_migrations`[0m
Processing by AccountsController#login as HTML
  Rendered accounts/login.html.erb within layouts/login (6.5ms)
Completed 200 OK in 83ms (Views: 65.9ms | ActiveRecord: 0.0ms)


Started GET "/assets/boostrap.min.css?body=1" for 190.234.105.102 at 2015-05-29 06:55:21 +0000


Started GET "/assets/slider.css?body=1" for 190.234.105.102 at 2015-05-29 06:55:21 +0000


Started GET "/assets/common.css?body=1" for 190.234.105.102 at 2015-05-29 06:55:21 +0000


Started GET "/assets/login.css?body=1" for 190.234.105.102 at 2015-05-29 06:55:21 +0000


Started GET "/images/bg.jpg" for 190.234.105.102 at 2015-05-29 06:55:21 +0000

ActionController::RoutingError (No route matches [GET] "/images/bg.jpg"):
  actionpack (4.2.1) lib/action_dispatch/middleware/debug_exceptions.rb:21:in `call'
  actionpack (4.2.1) lib/action_dispatch/middleware/show_exceptions.rb:30:in `call'
  railties (4.2.1) lib/rails/rack/logger.rb:38:in `call_app'
  railties (4.2.1) lib/rails/rack/logger.rb:20:in `block in call'
  activesupport (4.2.1) lib/active_support/tagged_logging.rb:68:in `block in tagged'
  activesupport (4.2.1) lib/active_support/tagged_logging.rb:26:in `tagged'
  activesupport (4.2.1) lib/active_support/tagged_logging.rb:68:in `tagged'
  railties (4.2.1) lib/rails/rack/logger.rb:20:in `call'
  actionpack (4.2.1) lib/action_dispatch/middleware/request_id.rb:21:in `call'
  rack (1.6.1) lib/rack/methodoverride.rb:22:in `call'
  rack (1.6.1) lib/rack/runtime.rb:18:in `call'
  activesupport (4.2.1) lib/active_support/cache/strategy/local_cache_middleware.rb:28:in `call'
  rack (1.6.1) lib/rack/lock.rb:17:in `call'
  actionpack (4.2.1) lib/action_dispatch/middleware/static.rb:113:in `call'
  rack (1.6.1) lib/rack/sendfile.rb:113:in `call'
  railties (4.2.1) lib/rails/engine.rb:518:in `call'
  railties (4.2.1) lib/rails/application.rb:164:in `call'
  rack (1.6.1) lib/rack/lock.rb:17:in `call'
  rack (1.6.1) lib/rack/content_length.rb:15:in `call'
  rack (1.6.1) lib/rack/handler/webrick.rb:89:in `service'
  /usr/local/rvm/rubies/ruby-2.1.5/lib/ruby/2.1.0/webrick/httpserver.rb:138:in `service'
  /usr/local/rvm/rubies/ruby-2.1.5/lib/ruby/2.1.0/webrick/httpserver.rb:94:in `run'
  /usr/local/rvm/rubies/ruby-2.1.5/lib/ruby/2.1.0/webrick/server.rb:295:in `block in start_thread'


  Rendered /usr/local/rvm/gems/ruby-2.1.5@rails4/gems/actionpack-4.2.1/lib/action_dispatch/middleware/templates/rescues/_trace.html.erb (1.4ms)
  Rendered /usr/local/rvm/gems/ruby-2.1.5@rails4/gems/actionpack-4.2.1/lib/action_dispatch/middleware/templates/routes/_route.html.erb (1.3ms)
  Rendered /usr/local/rvm/gems/ruby-2.1.5@rails4/gems/actionpack-4.2.1/lib/action_dispatch/middleware/templates/routes/_table.html.erb (13.5ms)
  Rendered /usr/local/rvm/gems/ruby-2.1.5@rails4/gems/actionpack-4.2.1/lib/action_dispatch/middleware/templates/rescues/_request_and_response.html.erb (1.4ms)
  Rendered /usr/local/rvm/gems/ruby-2.1.5@rails4/gems/actionpack-4.2.1/lib/action_dispatch/middleware/templates/rescues/routing_error.html.erb within rescues/layout (74.2ms)


Started POST "/login" for 190.234.105.102 at 2015-05-29 06:55:32 +0000
Processing by AccountsController#login as HTML
  Parameters: {"utf8"=>"✓", "authenticity_token"=>"h95uh/Z+gbbNgBHky8JS2V6V7/VVtrsfIYLX9EmhZqEWEXSWZX8eHc6H6qw0UQ+hG+aooIdHUSCT8tPzA6lR+w==", "email"=>"gian.corzo@gmail.com", "password"=>"[FILTERED]", "commit"=>"Ingresar"}
  [1m[35mAccount Load (4.7ms)[0m  SELECT  `accounts`.* FROM `accounts` WHERE `accounts`.`email` = 'gian.corzo@gmail.com' LIMIT 1
Account gian.corzo@gmail.com connected
Return to 
Completed 500 Internal Server Error in 48ms (ActiveRecord: 7.3ms)

NameError (undefined local variable or method `tours_path' for #<AccountsController:0x00000004ec5b68>):
  app/controllers/accounts_controller.rb:91:in `login'


  Rendered /usr/local/rvm/gems/ruby-2.1.5@rails4/gems/actionpack-4.2.1/lib/action_dispatch/middleware/templates/rescues/_source.erb (7.1ms)
  Rendered /usr/local/rvm/gems/ruby-2.1.5@rails4/gems/actionpack-4.2.1/lib/action_dispatch/middleware/templates/rescues/_trace.html.erb (2.3ms)
  Rendered /usr/local/rvm/gems/ruby-2.1.5@rails4/gems/actionpack-4.2.1/lib/action_dispatch/middleware/templates/rescues/_request_and_response.html.erb (1.0ms)
  Rendered /usr/local/rvm/gems/ruby-2.1.5@rails4/gems/actionpack-4.2.1/lib/action_dispatch/middleware/templates/rescues/diagnostics.html.erb within rescues/layout (53.4ms)
  [1m[36mActiveRecord::SchemaMigration Load (0.3ms)[0m  [1mSELECT `schema_migrations`.* FROM `schema_migrations`[0m
Migrating to AddPopularityToTours (20150529070328)
  [1m[35m (22.0ms)[0m  ALTER TABLE `tours` ADD `popularity` int(11)
  [1m[36m (0.2ms)[0m  [1mBEGIN[0m
  [1m[35mSQL (0.2ms)[0m  INSERT INTO `schema_migrations` (`version`) VALUES ('20150529070328')
  [1m[36m (3.0ms)[0m  [1mCOMMIT[0m
  [1m[35mActiveRecord::SchemaMigration Load (0.3ms)[0m  SELECT `schema_migrations`.* FROM `schema_migrations`
  [1m[36m (0.3ms)[0m  [1mSELECT fk.referenced_table_name as 'to_table'
      ,fk.referenced_column_name as 'primary_key'
      ,fk.column_name as 'column'
      ,fk.constraint_name as 'name'
FROM information_schema.key_column_usage fk
WHERE fk.referenced_column_name is not null
  AND fk.table_schema = 'andina'
  AND fk.table_name = 'accounts'
[0m
  [1m[35m (0.2ms)[0m  SHOW CREATE TABLE `accounts`
  [1m[36m (0.3ms)[0m  [1mSELECT fk.referenced_table_name as 'to_table'
      ,fk.referenced_column_name as 'primary_key'
      ,fk.column_name as 'column'
      ,fk.constraint_name as 'name'
FROM information_schema.key_column_usage fk
WHERE fk.referenced_column_name is not null
  AND fk.table_schema = 'andina'
  AND fk.table_name = 'banners'
[0m
  [1m[35m (0.2ms)[0m  SHOW CREATE TABLE `banners`
  [1m[36m (0.4ms)[0m  [1mSELECT fk.referenced_table_name as 'to_table'
      ,fk.referenced_column_name as 'primary_key'
      ,fk.column_name as 'column'
      ,fk.constraint_name as 'name'
FROM information_schema.key_column_usage fk
WHERE fk.referenced_column_name is not null
  AND fk.table_schema = 'andina'
  AND fk.table_name = 'friendly_id_slugs'
[0m
  [1m[35m (0.2ms)[0m  SHOW CREATE TABLE `friendly_id_slugs`
  [1m[36m (0.3ms)[0m  [1mSELECT fk.referenced_table_name as 'to_table'
      ,fk.referenced_column_name as 'primary_key'
      ,fk.column_name as 'column'
      ,fk.constraint_name as 'name'
FROM information_schema.key_column_usage fk
WHERE fk.referenced_column_name is not null
  AND fk.table_schema = 'andina'
  AND fk.table_name = 'images'
[0m
  [1m[35m (0.3ms)[0m  SHOW CREATE TABLE `images`
  [1m[36m (0.3ms)[0m  [1mSELECT fk.referenced_table_name as 'to_table'
      ,fk.referenced_column_name as 'primary_key'
      ,fk.column_name as 'column'
      ,fk.constraint_name as 'name'
FROM information_schema.key_column_usage fk
WHERE fk.referenced_column_name is not null
  AND fk.table_schema = 'andina'
  AND fk.table_name = 'interests'
[0m
  [1m[35m (0.2ms)[0m  SHOW CREATE TABLE `interests`
  [1m[36m (0.3ms)[0m  [1mSELECT fk.referenced_table_name as 'to_table'
      ,fk.referenced_column_name as 'primary_key'
      ,fk.column_name as 'column'
      ,fk.constraint_name as 'name'
FROM information_schema.key_column_usage fk
WHERE fk.referenced_column_name is not null
  AND fk.table_schema = 'andina'
  AND fk.table_name = 'media'
[0m
  [1m[35m (0.2ms)[0m  SHOW CREATE TABLE `media`
  [1m[36m (0.5ms)[0m  [1mSELECT fk.referenced_table_name as 'to_table'
      ,fk.referenced_column_name as 'primary_key'
      ,fk.column_name as 'column'
      ,fk.constraint_name as 'name'
FROM information_schema.key_column_usage fk
WHERE fk.referenced_column_name is not null
  AND fk.table_schema = 'andina'
  AND fk.table_name = 'posts'
[0m
  [1m[35m (0.2ms)[0m  SHOW CREATE TABLE `posts`
  [1m[36m (0.3ms)[0m  [1mSELECT fk.referenced_table_name as 'to_table'
      ,fk.referenced_column_name as 'primary_key'
      ,fk.column_name as 'column'
      ,fk.constraint_name as 'name'
FROM information_schema.key_column_usage fk
WHERE fk.referenced_column_name is not null
  AND fk.table_schema = 'andina'
  AND fk.table_name = 'quotes'
[0m
  [1m[35m (0.2ms)[0m  SHOW CREATE TABLE `quotes`
  [1m[36m (0.3ms)[0m  [1mSELECT fk.referenced_table_name as 'to_table'
      ,fk.referenced_column_name as 'primary_key'
      ,fk.column_name as 'column'
      ,fk.constraint_name as 'name'
FROM information_schema.key_column_usage fk
WHERE fk.referenced_column_name is not null
  AND fk.table_schema = 'andina'
  AND fk.table_name = 'reviews'
[0m
  [1m[35m (0.2ms)[0m  SHOW CREATE TABLE `reviews`
  [1m[36m (0.4ms)[0m  [1mSELECT fk.referenced_table_name as 'to_table'
      ,fk.referenced_column_name as 'primary_key'
      ,fk.column_name as 'column'
      ,fk.constraint_name as 'name'
FROM information_schema.key_column_usage fk
WHERE fk.referenced_column_name is not null
  AND fk.table_schema = 'andina'
  AND fk.table_name = 'tours'
[0m
  [1m[35m (0.2ms)[0m  SHOW CREATE TABLE `tours`
  [1m[36mActiveRecord::SchemaMigration Load (0.3ms)[0m  [1mSELECT `schema_migrations`.* FROM `schema_migrations`[0m
  [1m[35mActiveRecord::SchemaMigration Load (0.2ms)[0m  SELECT `schema_migrations`.* FROM `schema_migrations`
Migrating to AddPopularityToTours (20150529070328)
  [1m[36m (37.6ms)[0m  [1mALTER TABLE `tours` DROP `popularity`[0m
  [1m[35mSQL (4.8ms)[0m  DELETE FROM `schema_migrations` WHERE `schema_migrations`.`version` = '20150529070328'
  [1m[36mActiveRecord::SchemaMigration Load (0.3ms)[0m  [1mSELECT `schema_migrations`.* FROM `schema_migrations`[0m
  [1m[35m (0.3ms)[0m  SELECT fk.referenced_table_name as 'to_table'
      ,fk.referenced_column_name as 'primary_key'
      ,fk.column_name as 'column'
      ,fk.constraint_name as 'name'
FROM information_schema.key_column_usage fk
WHERE fk.referenced_column_name is not null
  AND fk.table_schema = 'andina'
  AND fk.table_name = 'accounts'

  [1m[36m (0.2ms)[0m  [1mSHOW CREATE TABLE `accounts`[0m
  [1m[35m (0.3ms)[0m  SELECT fk.referenced_table_name as 'to_table'
      ,fk.referenced_column_name as 'primary_key'
      ,fk.column_name as 'column'
      ,fk.constraint_name as 'name'
FROM information_schema.key_column_usage fk
WHERE fk.referenced_column_name is not null
  AND fk.table_schema = 'andina'
  AND fk.table_name = 'banners'

  [1m[36m (0.2ms)[0m  [1mSHOW CREATE TABLE `banners`[0m
  [1m[35m (0.3ms)[0m  SELECT fk.referenced_table_name as 'to_table'
      ,fk.referenced_column_name as 'primary_key'
      ,fk.column_name as 'column'
      ,fk.constraint_name as 'name'
FROM information_schema.key_column_usage fk
WHERE fk.referenced_column_name is not null
  AND fk.table_schema = 'andina'
  AND fk.table_name = 'friendly_id_slugs'

  [1m[36m (0.2ms)[0m  [1mSHOW CREATE TABLE `friendly_id_slugs`[0m
  [1m[35m (0.3ms)[0m  SELECT fk.referenced_table_name as 'to_table'
      ,fk.referenced_column_name as 'primary_key'
      ,fk.column_name as 'column'
      ,fk.constraint_name as 'name'
FROM information_schema.key_column_usage fk
WHERE fk.referenced_column_name is not null
  AND fk.table_schema = 'andina'
  AND fk.table_name = 'images'

  [1m[36m (0.2ms)[0m  [1mSHOW CREATE TABLE `images`[0m
  [1m[35m (0.3ms)[0m  SELECT fk.referenced_table_name as 'to_table'
      ,fk.referenced_column_name as 'primary_key'
      ,fk.column_name as 'column'
      ,fk.constraint_name as 'name'
FROM information_schema.key_column_usage fk
WHERE fk.referenced_column_name is not null
  AND fk.table_schema = 'andina'
  AND fk.table_name = 'interests'

  [1m[36m (0.2ms)[0m  [1mSHOW CREATE TABLE `interests`[0m
  [1m[35m (0.3ms)[0m  SELECT fk.referenced_table_name as 'to_table'
      ,fk.referenced_column_name as 'primary_key'
      ,fk.column_name as 'column'
      ,fk.constraint_name as 'name'
FROM information_schema.key_column_usage fk
WHERE fk.referenced_column_name is not null
  AND fk.table_schema = 'andina'
  AND fk.table_name = 'media'

  [1m[36m (0.2ms)[0m  [1mSHOW CREATE TABLE `media`[0m
  [1m[35m (0.4ms)[0m  SELECT fk.referenced_table_name as 'to_table'
      ,fk.referenced_column_name as 'primary_key'
      ,fk.column_name as 'column'
      ,fk.constraint_name as 'name'
FROM information_schema.key_column_usage fk
WHERE fk.referenced_column_name is not null
  AND fk.table_schema = 'andina'
  AND fk.table_name = 'posts'

  [1m[36m (0.2ms)[0m  [1mSHOW CREATE TABLE `posts`[0m
  [1m[35m (0.4ms)[0m  SELECT fk.referenced_table_name as 'to_table'
      ,fk.referenced_column_name as 'primary_key'
      ,fk.column_name as 'column'
      ,fk.constraint_name as 'name'
FROM information_schema.key_column_usage fk
WHERE fk.referenced_column_name is not null
  AND fk.table_schema = 'andina'
  AND fk.table_name = 'quotes'

  [1m[36m (0.2ms)[0m  [1mSHOW CREATE TABLE `quotes`[0m
  [1m[35m (0.3ms)[0m  SELECT fk.referenced_table_name as 'to_table'
      ,fk.referenced_column_name as 'primary_key'
      ,fk.column_name as 'column'
      ,fk.constraint_name as 'name'
FROM information_schema.key_column_usage fk
WHERE fk.referenced_column_name is not null
  AND fk.table_schema = 'andina'
  AND fk.table_name = 'reviews'

  [1m[36m (0.2ms)[0m  [1mSHOW CREATE TABLE `reviews`[0m
  [1m[35m (0.3ms)[0m  SELECT fk.referenced_table_name as 'to_table'
      ,fk.referenced_column_name as 'primary_key'
      ,fk.column_name as 'column'
      ,fk.constraint_name as 'name'
FROM information_schema.key_column_usage fk
WHERE fk.referenced_column_name is not null
  AND fk.table_schema = 'andina'
  AND fk.table_name = 'tours'

  [1m[36m (0.2ms)[0m  [1mSHOW CREATE TABLE `tours`[0m
  [1m[36mActiveRecord::SchemaMigration Load (0.4ms)[0m  [1mSELECT `schema_migrations`.* FROM `schema_migrations`[0m
Migrating to AddPopularityToTours (20150529070328)
  [1m[35m (20.7ms)[0m  ALTER TABLE `tours` ADD `popularity` int(11) DEFAULT 0
  [1m[36m (0.1ms)[0m  [1mBEGIN[0m
  [1m[35mSQL (0.3ms)[0m  INSERT INTO `schema_migrations` (`version`) VALUES ('20150529070328')
  [1m[36m (5.2ms)[0m  [1mCOMMIT[0m
  [1m[35mActiveRecord::SchemaMigration Load (0.3ms)[0m  SELECT `schema_migrations`.* FROM `schema_migrations`
  [1m[36m (0.4ms)[0m  [1mSELECT fk.referenced_table_name as 'to_table'
      ,fk.referenced_column_name as 'primary_key'
      ,fk.column_name as 'column'
      ,fk.constraint_name as 'name'
FROM information_schema.key_column_usage fk
WHERE fk.referenced_column_name is not null
  AND fk.table_schema = 'andina'
  AND fk.table_name = 'accounts'
[0m
  [1m[35m (0.2ms)[0m  SHOW CREATE TABLE `accounts`
  [1m[36m (0.4ms)[0m  [1mSELECT fk.referenced_table_name as 'to_table'
      ,fk.referenced_column_name as 'primary_key'
      ,fk.column_name as 'column'
      ,fk.constraint_name as 'name'
FROM information_schema.key_column_usage fk
WHERE fk.referenced_column_name is not null
  AND fk.table_schema = 'andina'
  AND fk.table_name = 'banners'
[0m
  [1m[35m (0.2ms)[0m  SHOW CREATE TABLE `banners`
  [1m[36m (0.4ms)[0m  [1mSELECT fk.referenced_table_name as 'to_table'
      ,fk.referenced_column_name as 'primary_key'
      ,fk.column_name as 'column'
      ,fk.constraint_name as 'name'
FROM information_schema.key_column_usage fk
WHERE fk.referenced_column_name is not null
  AND fk.table_schema = 'andina'
  AND fk.table_name = 'friendly_id_slugs'
[0m
  [1m[35m (0.2ms)[0m  SHOW CREATE TABLE `friendly_id_slugs`
  [1m[36m (0.3ms)[0m  [1mSELECT fk.referenced_table_name as 'to_table'
      ,fk.referenced_column_name as 'primary_key'
      ,fk.column_name as 'column'
      ,fk.constraint_name as 'name'
FROM information_schema.key_column_usage fk
WHERE fk.referenced_column_name is not null
  AND fk.table_schema = 'andina'
  AND fk.table_name = 'images'
[0m
  [1m[35m (0.2ms)[0m  SHOW CREATE TABLE `images`
  [1m[36m (0.3ms)[0m  [1mSELECT fk.referenced_table_name as 'to_table'
      ,fk.referenced_column_name as 'primary_key'
      ,fk.column_name as 'column'
      ,fk.constraint_name as 'name'
FROM information_schema.key_column_usage fk
WHERE fk.referenced_column_name is not null
  AND fk.table_schema = 'andina'
  AND fk.table_name = 'interests'
[0m
  [1m[35m (0.3ms)[0m  SHOW CREATE TABLE `interests`
  [1m[36m (0.3ms)[0m  [1mSELECT fk.referenced_table_name as 'to_table'
      ,fk.referenced_column_name as 'primary_key'
      ,fk.column_name as 'column'
      ,fk.constraint_name as 'name'
FROM information_schema.key_column_usage fk
WHERE fk.referenced_column_name is not null
  AND fk.table_schema = 'andina'
  AND fk.table_name = 'media'
[0m
  [1m[35m (0.2ms)[0m  SHOW CREATE TABLE `media`
  [1m[36m (0.3ms)[0m  [1mSELECT fk.referenced_table_name as 'to_table'
      ,fk.referenced_column_name as 'primary_key'
      ,fk.column_name as 'column'
      ,fk.constraint_name as 'name'
FROM information_schema.key_column_usage fk
WHERE fk.referenced_column_name is not null
  AND fk.table_schema = 'andina'
  AND fk.table_name = 'posts'
[0m
  [1m[35m (0.2ms)[0m  SHOW CREATE TABLE `posts`
  [1m[36m (0.5ms)[0m  [1mSELECT fk.referenced_table_name as 'to_table'
      ,fk.referenced_column_name as 'primary_key'
      ,fk.column_name as 'column'
      ,fk.constraint_name as 'name'
FROM information_schema.key_column_usage fk
WHERE fk.referenced_column_name is not null
  AND fk.table_schema = 'andina'
  AND fk.table_name = 'quotes'
[0m
  [1m[35m (0.2ms)[0m  SHOW CREATE TABLE `quotes`
  [1m[36m (0.4ms)[0m  [1mSELECT fk.referenced_table_name as 'to_table'
      ,fk.referenced_column_name as 'primary_key'
      ,fk.column_name as 'column'
      ,fk.constraint_name as 'name'
FROM information_schema.key_column_usage fk
WHERE fk.referenced_column_name is not null
  AND fk.table_schema = 'andina'
  AND fk.table_name = 'reviews'
[0m
  [1m[35m (0.2ms)[0m  SHOW CREATE TABLE `reviews`
  [1m[36m (0.3ms)[0m  [1mSELECT fk.referenced_table_name as 'to_table'
      ,fk.referenced_column_name as 'primary_key'
      ,fk.column_name as 'column'
      ,fk.constraint_name as 'name'
FROM information_schema.key_column_usage fk
WHERE fk.referenced_column_name is not null
  AND fk.table_schema = 'andina'
  AND fk.table_name = 'tours'
[0m
  [1m[35m (0.2ms)[0m  SHOW CREATE TABLE `tours`


Started GET "/login" for 190.234.105.102 at 2015-05-29 07:15:29 +0000
  [1m[36mActiveRecord::SchemaMigration Load (0.3ms)[0m  [1mSELECT `schema_migrations`.* FROM `schema_migrations`[0m
Processing by AccountsController#login as HTML
  Rendered accounts/login.html.erb within layouts/login (4.3ms)
Completed 200 OK in 68ms (Views: 55.2ms | ActiveRecord: 0.0ms)


Started GET "/assets/boostrap.min.css?body=1" for 190.234.105.102 at 2015-05-29 07:15:30 +0000


Started GET "/assets/slider.css?body=1" for 190.234.105.102 at 2015-05-29 07:15:30 +0000


Started GET "/assets/login.css?body=1" for 190.234.105.102 at 2015-05-29 07:15:30 +0000


Started GET "/assets/common.css?body=1" for 190.234.105.102 at 2015-05-29 07:15:30 +0000


Started GET "/images/bg.jpg" for 190.234.105.102 at 2015-05-29 07:15:30 +0000

ActionController::RoutingError (No route matches [GET] "/images/bg.jpg"):
  actionpack (4.2.1) lib/action_dispatch/middleware/debug_exceptions.rb:21:in `call'
  actionpack (4.2.1) lib/action_dispatch/middleware/show_exceptions.rb:30:in `call'
  railties (4.2.1) lib/rails/rack/logger.rb:38:in `call_app'
  railties (4.2.1) lib/rails/rack/logger.rb:20:in `block in call'
  activesupport (4.2.1) lib/active_support/tagged_logging.rb:68:in `block in tagged'
  activesupport (4.2.1) lib/active_support/tagged_logging.rb:26:in `tagged'
  activesupport (4.2.1) lib/active_support/tagged_logging.rb:68:in `tagged'
  railties (4.2.1) lib/rails/rack/logger.rb:20:in `call'
  actionpack (4.2.1) lib/action_dispatch/middleware/request_id.rb:21:in `call'
  rack (1.6.1) lib/rack/methodoverride.rb:22:in `call'
  rack (1.6.1) lib/rack/runtime.rb:18:in `call'
  activesupport (4.2.1) lib/active_support/cache/strategy/local_cache_middleware.rb:28:in `call'
  rack (1.6.1) lib/rack/lock.rb:17:in `call'
  actionpack (4.2.1) lib/action_dispatch/middleware/static.rb:113:in `call'
  rack (1.6.1) lib/rack/sendfile.rb:113:in `call'
  railties (4.2.1) lib/rails/engine.rb:518:in `call'
  railties (4.2.1) lib/rails/application.rb:164:in `call'
  rack (1.6.1) lib/rack/lock.rb:17:in `call'
  rack (1.6.1) lib/rack/content_length.rb:15:in `call'
  rack (1.6.1) lib/rack/handler/webrick.rb:89:in `service'
  /usr/local/rvm/rubies/ruby-2.1.5/lib/ruby/2.1.0/webrick/httpserver.rb:138:in `service'
  /usr/local/rvm/rubies/ruby-2.1.5/lib/ruby/2.1.0/webrick/httpserver.rb:94:in `run'
  /usr/local/rvm/rubies/ruby-2.1.5/lib/ruby/2.1.0/webrick/server.rb:295:in `block in start_thread'


  Rendered /usr/local/rvm/gems/ruby-2.1.5@rails4/gems/actionpack-4.2.1/lib/action_dispatch/middleware/templates/rescues/_trace.html.erb (1.6ms)
  Rendered /usr/local/rvm/gems/ruby-2.1.5@rails4/gems/actionpack-4.2.1/lib/action_dispatch/middleware/templates/routes/_route.html.erb (1.7ms)
  Rendered /usr/local/rvm/gems/ruby-2.1.5@rails4/gems/actionpack-4.2.1/lib/action_dispatch/middleware/templates/routes/_table.html.erb (14.6ms)
  Rendered /usr/local/rvm/gems/ruby-2.1.5@rails4/gems/actionpack-4.2.1/lib/action_dispatch/middleware/templates/rescues/_request_and_response.html.erb (1.6ms)
  Rendered /usr/local/rvm/gems/ruby-2.1.5@rails4/gems/actionpack-4.2.1/lib/action_dispatch/middleware/templates/rescues/routing_error.html.erb within rescues/layout (81.5ms)


Started POST "/login" for 190.234.105.102 at 2015-05-29 07:15:39 +0000
Processing by AccountsController#login as HTML
  Parameters: {"utf8"=>"✓", "authenticity_token"=>"8EsdEu5LJ9D9FJPuJon0I60yAhJbEt6H5sah0zarSA5hhAcDfUq4e/4TaKbZGqlb6EFFR4njNLhUtqXUfKN/VA==", "email"=>"gian.corzo@gmail.com", "password"=>"[FILTERED]", "commit"=>"Ingresar"}
  [1m[35mAccount Load (0.3ms)[0m  SELECT  `accounts`.* FROM `accounts` WHERE `accounts`.`email` = 'gian.corzo@gmail.com' LIMIT 1
Account gian.corzo@gmail.com connected
Return to 
Redirected to https://andinatravelclub-giancorzo-1.c9.io/tours
Completed 302 Found in 31ms (ActiveRecord: 2.2ms)


Started GET "/tours" for 190.234.105.102 at 2015-05-29 07:15:39 +0000
Processing by ToursController#index as HTML
Completed 500 Internal Server Error in 6ms (ActiveRecord: 0.0ms)

NameError (undefined local variable or method `current_account' for #<ToursController:0x00000003769c08>):
  app/controllers/tours_controller.rb:9:in `index'


  Rendered /usr/local/rvm/gems/ruby-2.1.5@rails4/gems/actionpack-4.2.1/lib/action_dispatch/middleware/templates/rescues/_source.erb (5.4ms)
  Rendered /usr/local/rvm/gems/ruby-2.1.5@rails4/gems/actionpack-4.2.1/lib/action_dispatch/middleware/templates/rescues/_trace.html.erb (2.4ms)
  Rendered /usr/local/rvm/gems/ruby-2.1.5@rails4/gems/actionpack-4.2.1/lib/action_dispatch/middleware/templates/rescues/_request_and_response.html.erb (1.3ms)
  Rendered /usr/local/rvm/gems/ruby-2.1.5@rails4/gems/actionpack-4.2.1/lib/action_dispatch/middleware/templates/rescues/diagnostics.html.erb within rescues/layout (52.3ms)


Started GET "/login" for 190.234.105.102 at 2015-05-29 07:19:28 +0000
  [1m[36mActiveRecord::SchemaMigration Load (0.3ms)[0m  [1mSELECT `schema_migrations`.* FROM `schema_migrations`[0m
Processing by AccountsController#login as HTML
Redirected to https://andinatravelclub-giancorzo-1.c9.io/tours
Completed 302 Found in 26ms (ActiveRecord: 0.0ms)


Started GET "/tours" for 190.234.105.102 at 2015-05-29 07:19:28 +0000
Processing by ToursController#index as HTML
  [1m[35mAccount Load (2.9ms)[0m  SELECT  `accounts`.* FROM `accounts` WHERE `accounts`.`id` = 1 LIMIT 1
  [1m[36mTour Load (0.4ms)[0m  [1mSELECT `tours`.* FROM `tours`[0m
  Rendered tours/index.html.erb within layouts/admin (7.1ms)
Completed 500 Internal Server Error in 88ms (ActiveRecord: 7.0ms)

ActionView::Template::Error (couldn't find file 'self'
  (in /home/ubuntu/workspace/app/assets/stylesheets/admin.css:4)):
    3:   <head>
    4:     <meta http-equiv="Content-Type" content="text/html; charset=UTF-8">
    5:     <title>Andina Travel Club - Experiencias únicas en cada destino</title>
    6:     <%= stylesheet_link_tag 'admin', media: 'all', 'data-turbolinks-track' => true %>
    7:     <%= csrf_meta_tag %>
    8:   </head>
    9:   <body>
  app/views/layouts/admin.html.erb:6:in `_app_views_layouts_admin_html_erb___757209809040073115_41051900'
  app/controllers/tours_controller.rb:12:in `index'


  Rendered /usr/local/rvm/gems/ruby-2.1.5@rails4/gems/actionpack-4.2.1/lib/action_dispatch/middleware/templates/rescues/_source.erb (9.7ms)
  Rendered /usr/local/rvm/gems/ruby-2.1.5@rails4/gems/actionpack-4.2.1/lib/action_dispatch/middleware/templates/rescues/_trace.html.erb (4.1ms)
  Rendered /usr/local/rvm/gems/ruby-2.1.5@rails4/gems/actionpack-4.2.1/lib/action_dispatch/middleware/templates/rescues/_request_and_response.html.erb (1.0ms)
  Rendered /usr/local/rvm/gems/ruby-2.1.5@rails4/gems/actionpack-4.2.1/lib/action_dispatch/middleware/templates/rescues/template_error.html.erb within rescues/layout (57.8ms)


Started GET "/login" for 190.234.105.102 at 2015-05-29 07:23:32 +0000
  [1m[36mActiveRecord::SchemaMigration Load (0.3ms)[0m  [1mSELECT `schema_migrations`.* FROM `schema_migrations`[0m
Processing by AccountsController#login as HTML
Redirected to https://andinatravelclub-giancorzo-1.c9.io/tours
Completed 302 Found in 14ms (ActiveRecord: 0.0ms)


Started GET "/tours" for 190.234.105.102 at 2015-05-29 07:23:32 +0000
Processing by ToursController#index as HTML
  [1m[35mAccount Load (0.3ms)[0m  SELECT  `accounts`.* FROM `accounts` WHERE `accounts`.`id` = 1 LIMIT 1
  [1m[36mTour Load (0.4ms)[0m  [1mSELECT `tours`.* FROM `tours`[0m
  Rendered tours/index.html.erb within layouts/admin (7.8ms)
Completed 500 Internal Server Error in 114ms (ActiveRecord: 4.5ms)

ActionView::Template::Error (undefined local variable or method `banners_path' for #<#<Class:0x00000004cffa68>:0x00000004cfe028>):
    13:             <a href="javascript:void(0);" class="brand">Andina travel club</a>
    14:             <ul class="nav">
    15:               <li class="<%=@header_tab == "tour" ? "active" : ""%>"><%= link_to "Tours",tours_path %></li>
    16:               <li class="<%=@header_tab == "banner" ? "active" : "" %>"><%= link_to "Banners", banners_path  %></li>
    17:               <li class="<%=@header_tab == "account" ? "active" : "" %>"><%= link_to "Usuarios", accounts_path  %></li>
    18:               <li class="<%=@header_tab == "blog" ? "active" : "" %>"><%= link_to "Blog", posts_path  %></li>
    19:               <li class="<%=@header_tab == "media" ? "media" : ""%>"><%= link_to "Media", media_path %></li>
  app/views/layouts/admin.html.erb:16:in `_app_views_layouts_admin_html_erb___1995450244880639650_40212760'
  app/controllers/tours_controller.rb:12:in `index'


  Rendered /usr/local/rvm/gems/ruby-2.1.5@rails4/gems/actionpack-4.2.1/lib/action_dispatch/middleware/templates/rescues/_source.erb (6.5ms)
  Rendered /usr/local/rvm/gems/ruby-2.1.5@rails4/gems/actionpack-4.2.1/lib/action_dispatch/middleware/templates/rescues/_trace.html.erb (3.4ms)
  Rendered /usr/local/rvm/gems/ruby-2.1.5@rails4/gems/actionpack-4.2.1/lib/action_dispatch/middleware/templates/rescues/_request_and_response.html.erb (1.2ms)
  Rendered /usr/local/rvm/gems/ruby-2.1.5@rails4/gems/actionpack-4.2.1/lib/action_dispatch/middleware/templates/rescues/template_error.html.erb within rescues/layout (52.5ms)


Started GET "/login" for 190.234.105.102 at 2015-05-29 07:27:57 +0000
  [1m[36mActiveRecord::SchemaMigration Load (0.6ms)[0m  [1mSELECT `schema_migrations`.* FROM `schema_migrations`[0m
Processing by AccountsController#login as HTML
Redirected to https://andinatravelclub-giancorzo-1.c9.io/tours
Completed 302 Found in 15ms (ActiveRecord: 0.0ms)


Started GET "/tours" for 190.234.105.102 at 2015-05-29 07:27:58 +0000
Processing by ToursController#index as HTML
  [1m[35mAccount Load (0.4ms)[0m  SELECT  `accounts`.* FROM `accounts` WHERE `accounts`.`id` = 1 LIMIT 1
  [1m[36mTour Load (0.4ms)[0m  [1mSELECT `tours`.* FROM `tours`[0m
  Rendered tours/index.html.erb within layouts/admin (8.4ms)
Completed 200 OK in 91ms (Views: 51.4ms | ActiveRecord: 4.7ms)


Started GET "/assets/boostrap-responsive.min.css?body=1" for 190.234.105.102 at 2015-05-29 07:27:59 +0000


Started GET "/assets/admin.css?body=1" for 190.234.105.102 at 2015-05-29 07:27:59 +0000


Started GET "/assets/boostrap.min.css?body=1" for 190.234.105.102 at 2015-05-29 07:27:59 +0000


Started GET "/tours/new" for 190.234.105.102 at 2015-05-29 07:28:15 +0000
Processing by ToursController#new as HTML
  [1m[35mAccount Load (0.4ms)[0m  SELECT  `accounts`.* FROM `accounts` WHERE `accounts`.`id` = 1 LIMIT 1
  [1m[36mInterest Load (0.3ms)[0m  [1mSELECT `interests`.* FROM `interests`[0m
  Rendered tours/_form.html.erb (69.2ms)
  Rendered tours/new.html.erb within layouts/admin (74.8ms)
Completed 200 OK in 114ms (Views: 94.8ms | ActiveRecord: 2.9ms)


Started GET "/assets/boostrap.min.css?body=1" for 190.234.105.102 at 2015-05-29 07:28:16 +0000


Started GET "/tours" for 190.234.105.102 at 2015-05-29 07:28:39 +0000
Processing by ToursController#index as HTML
  [1m[35mAccount Load (0.4ms)[0m  SELECT  `accounts`.* FROM `accounts` WHERE `accounts`.`id` = 1 LIMIT 1
  [1m[36mTour Load (0.3ms)[0m  [1mSELECT `tours`.* FROM `tours`[0m
  Rendered tours/index.html.erb within layouts/admin (1.0ms)
Completed 200 OK in 26ms (Views: 23.4ms | ActiveRecord: 0.7ms)


Started GET "/assets/boostrap.min.css?body=1" for 190.234.105.102 at 2015-05-29 07:28:39 +0000


Started GET "/assets/admin.css?body=1" for 190.234.105.102 at 2015-05-29 07:28:39 +0000
